<!DOCTYPE html>
<html>
  <head>
    <meta charset="utf-8"/>
    <title id="head-title">PaperMage-Docling End-to-End Test Report</title>
      <style type="text/css">body {
  font-family: Helvetica, Arial, sans-serif;
  font-size: 12px;
  /* do not increase min-width as some may use split screens */
  min-width: 800px;
  color: #999;
}

h1 {
  font-size: 24px;
  color: black;
}

h2 {
  font-size: 16px;
  color: black;
}

p {
  color: black;
}

a {
  color: #999;
}

table {
  border-collapse: collapse;
}

/******************************
 * SUMMARY INFORMATION
 ******************************/
#environment td {
  padding: 5px;
  border: 1px solid #e6e6e6;
  vertical-align: top;
}
#environment tr:nth-child(odd) {
  background-color: #f6f6f6;
}
#environment ul {
  margin: 0;
  padding: 0 20px;
}

/******************************
 * TEST RESULT COLORS
 ******************************/
span.passed,
.passed .col-result {
  color: green;
}

span.skipped,
span.xfailed,
span.rerun,
.skipped .col-result,
.xfailed .col-result,
.rerun .col-result {
  color: orange;
}

span.error,
span.failed,
span.xpassed,
.error .col-result,
.failed .col-result,
.xpassed .col-result {
  color: red;
}

.col-links__extra {
  margin-right: 3px;
}

/******************************
 * RESULTS TABLE
 *
 * 1. Table Layout
 * 2. Extra
 * 3. Sorting items
 *
 ******************************/
/*------------------
 * 1. Table Layout
 *------------------*/
#results-table {
  border: 1px solid #e6e6e6;
  color: #999;
  font-size: 12px;
  width: 100%;
}
#results-table th,
#results-table td {
  padding: 5px;
  border: 1px solid #e6e6e6;
  text-align: left;
}
#results-table th {
  font-weight: bold;
}

/*------------------
 * 2. Extra
 *------------------*/
.logwrapper {
  max-height: 230px;
  overflow-y: scroll;
  background-color: #e6e6e6;
}
.logwrapper.expanded {
  max-height: none;
}
.logwrapper.expanded .logexpander:after {
  content: "collapse [-]";
}
.logwrapper .logexpander {
  z-index: 1;
  position: sticky;
  top: 10px;
  width: max-content;
  border: 1px solid;
  border-radius: 3px;
  padding: 5px 7px;
  margin: 10px 0 10px calc(100% - 80px);
  cursor: pointer;
  background-color: #e6e6e6;
}
.logwrapper .logexpander:after {
  content: "expand [+]";
}
.logwrapper .logexpander:hover {
  color: #000;
  border-color: #000;
}
.logwrapper .log {
  min-height: 40px;
  position: relative;
  top: -50px;
  height: calc(100% + 50px);
  border: 1px solid #e6e6e6;
  color: black;
  display: block;
  font-family: "Courier New", Courier, monospace;
  padding: 5px;
  padding-right: 80px;
  white-space: pre-wrap;
}

div.media {
  border: 1px solid #e6e6e6;
  float: right;
  height: 240px;
  margin: 0 5px;
  overflow: hidden;
  width: 320px;
}

.media-container {
  display: grid;
  grid-template-columns: 25px auto 25px;
  align-items: center;
  flex: 1 1;
  overflow: hidden;
  height: 200px;
}

.media-container--fullscreen {
  grid-template-columns: 0px auto 0px;
}

.media-container__nav--right,
.media-container__nav--left {
  text-align: center;
  cursor: pointer;
}

.media-container__viewport {
  cursor: pointer;
  text-align: center;
  height: inherit;
}
.media-container__viewport img,
.media-container__viewport video {
  object-fit: cover;
  width: 100%;
  max-height: 100%;
}

.media__name,
.media__counter {
  display: flex;
  flex-direction: row;
  justify-content: space-around;
  flex: 0 0 25px;
  align-items: center;
}

.collapsible td:not(.col-links) {
  cursor: pointer;
}
.collapsible td:not(.col-links):hover::after {
  color: #bbb;
  font-style: italic;
  cursor: pointer;
}

.col-result {
  width: 130px;
}
.col-result:hover::after {
  content: " (hide details)";
}

.col-result.collapsed:hover::after {
  content: " (show details)";
}

#environment-header h2:hover::after {
  content: " (hide details)";
  color: #bbb;
  font-style: italic;
  cursor: pointer;
  font-size: 12px;
}

#environment-header.collapsed h2:hover::after {
  content: " (show details)";
  color: #bbb;
  font-style: italic;
  cursor: pointer;
  font-size: 12px;
}

/*------------------
 * 3. Sorting items
 *------------------*/
.sortable {
  cursor: pointer;
}
.sortable.desc:after {
  content: " ";
  position: relative;
  left: 5px;
  bottom: -12.5px;
  border: 10px solid #4caf50;
  border-bottom: 0;
  border-left-color: transparent;
  border-right-color: transparent;
}
.sortable.asc:after {
  content: " ";
  position: relative;
  left: 5px;
  bottom: 12.5px;
  border: 10px solid #4caf50;
  border-top: 0;
  border-left-color: transparent;
  border-right-color: transparent;
}

.hidden, .summary__reload__button.hidden {
  display: none;
}

.summary__data {
  flex: 0 0 550px;
}
.summary__reload {
  flex: 1 1;
  display: flex;
  justify-content: center;
}
.summary__reload__button {
  flex: 0 0 300px;
  display: flex;
  color: white;
  font-weight: bold;
  background-color: #4caf50;
  text-align: center;
  justify-content: center;
  align-items: center;
  border-radius: 3px;
  cursor: pointer;
}
.summary__reload__button:hover {
  background-color: #46a049;
}
.summary__spacer {
  flex: 0 0 550px;
}

.controls {
  display: flex;
  justify-content: space-between;
}

.filters,
.collapse {
  display: flex;
  align-items: center;
}
.filters button,
.collapse button {
  color: #999;
  border: none;
  background: none;
  cursor: pointer;
  text-decoration: underline;
}
.filters button:hover,
.collapse button:hover {
  color: #ccc;
}

.filter__label {
  margin-right: 10px;
}

      </style>
    
  </head>
  <body>
    <h1 id="title">PaperMage-Docling End-to-End Test Report</h1>
    <p>Report generated on 15-Apr-2025 at 01:18:12 by <a href="https://pypi.python.org/pypi/pytest-html">pytest-html</a>
        v4.1.1</p>
    <div id="environment-header">
      <h2>Environment</h2>
    </div>
    <table id="environment"></table>
    <!-- TEMPLATES -->
      <template id="template_environment_row">
      <tr>
        <td></td>
        <td></td>
      </tr>
    </template>
    <template id="template_results-table__body--empty">
      <tbody class="results-table-row">
        <tr id="not-found-message">
          <td colspan="4">No results found. Check the filters.</th>
        </tr>
    </template>
    <template id="template_results-table__tbody">
      <tbody class="results-table-row">
        <tr class="collapsible">
        </tr>
        <tr class="extras-row">
          <td class="extra" colspan="4">
            <div class="extraHTML"></div>
            <div class="media">
              <div class="media-container">
                  <div class="media-container__nav--left"><</div>
                  <div class="media-container__viewport">
                    <img src="" />
                    <video controls>
                      <source src="" type="video/mp4">
                    </video>
                  </div>
                  <div class="media-container__nav--right">></div>
                </div>
                <div class="media__name"></div>
                <div class="media__counter"></div>
            </div>
            <div class="logwrapper">
              <div class="logexpander"></div>
              <div class="log"></div>
            </div>
          </td>
        </tr>
      </tbody>
    </template>
    <!-- END TEMPLATES -->
    <div class="summary">
      <div class="summary__data">
        <h2>Summary</h2>
        <div class="additional-summary prefix">
          <p>End-to-end comparison tests between PaperMage-Docling and original PaperMage</p>
          <p>Test environment:</p>
          <ul>
          <li>Python version: 8.3.5</li>
          <li>Test run date: 2025-04-15 01:18:12</li>
          </ul>
        </div>
        <p class="run-count">59 tests took 768 ms.</p>
        <p class="filter">(Un)check the boxes to filter the results.</p>
        <div class="summary__reload">
          <div class="summary__reload__button hidden" onclick="location.reload()">
            <div>There are still tests running. <br />Reload this page to get the latest results!</div>
          </div>
        </div>
        <div class="summary__spacer"></div>
        <div class="controls">
          <div class="filters">
            <input checked="true" class="filter" name="filter_checkbox" type="checkbox" data-test-result="failed" />
            <span class="failed">5 Failed,</span>
            <input checked="true" class="filter" name="filter_checkbox" type="checkbox" data-test-result="passed" />
            <span class="passed">54 Passed,</span>
            <input checked="true" class="filter" name="filter_checkbox" type="checkbox" data-test-result="skipped" />
            <span class="skipped">33 Skipped,</span>
            <input checked="true" class="filter" name="filter_checkbox" type="checkbox" data-test-result="xfailed" disabled/>
            <span class="xfailed">0 Expected failures,</span>
            <input checked="true" class="filter" name="filter_checkbox" type="checkbox" data-test-result="xpassed" disabled/>
            <span class="xpassed">0 Unexpected passes,</span>
            <input checked="true" class="filter" name="filter_checkbox" type="checkbox" data-test-result="error" disabled/>
            <span class="error">0 Errors,</span>
            <input checked="true" class="filter" name="filter_checkbox" type="checkbox" data-test-result="rerun" disabled/>
            <span class="rerun">0 Reruns</span>
          </div>
          <div class="collapse">
            <button id="show_all_details">Show all details</button>&nbsp;/&nbsp;<button id="hide_all_details">Hide all details</button>
          </div>
        </div>
      </div>
      <div class="additional-summary summary">
      </div>
      <div class="additional-summary postfix">
      </div>
    </div>
    <table id="results-table">
      <thead id="results-table-head">
        <tr>
          <th class="sortable" data-column-type="result">Result</th>
          <th class="sortable" data-column-type="testId">Test</th>
          <th class="sortable" data-column-type="duration">Duration</th>
          <th>Links</th>
        </tr>
      </thead>
    </table>
  </body>
  <footer>
    <div id="data-container" data-jsonblob="{&#34;environment&#34;: {&#34;Python&#34;: &#34;3.11.4&#34;, &#34;Platform&#34;: &#34;macOS-14.2.1-x86_64-i386-64bit&#34;, &#34;Packages&#34;: {&#34;pytest&#34;: &#34;8.3.5&#34;, &#34;pluggy&#34;: &#34;1.5.0&#34;}, &#34;Plugins&#34;: {&#34;anyio&#34;: &#34;4.9.0&#34;, &#34;html&#34;: &#34;4.1.1&#34;, &#34;metadata&#34;: &#34;3.1.1&#34;}}, &#34;tests&#34;: {&#34;tests/test_analysis/test_document_conversion_map.py::TestDocumentConversionMap::test_conversion_point_attributes&#34;: [{&#34;extras&#34;: [], &#34;result&#34;: &#34;Passed&#34;, &#34;testId&#34;: &#34;tests/test_analysis/test_document_conversion_map.py::TestDocumentConversionMap::test_conversion_point_attributes&#34;, &#34;duration&#34;: &#34;1 ms&#34;, &#34;resultsTableRow&#34;: [&#34;&lt;td class=\&#34;col-result\&#34;&gt;Passed&lt;/td&gt;&#34;, &#34;&lt;td class=\&#34;col-testId\&#34;&gt;tests/test_analysis/test_document_conversion_map.py::TestDocumentConversionMap::test_conversion_point_attributes&lt;/td&gt;&#34;, &#34;&lt;td class=\&#34;col-duration\&#34;&gt;1 ms&lt;/td&gt;&#34;, &#34;&lt;td class=\&#34;col-links\&#34;&gt;&lt;/td&gt;&#34;], &#34;log&#34;: &#34;No log output captured.&#34;}], &#34;tests/test_analysis/test_document_conversion_map.py::TestDocumentConversionMap::test_conversion_points_identified&#34;: [{&#34;extras&#34;: [], &#34;result&#34;: &#34;Passed&#34;, &#34;testId&#34;: &#34;tests/test_analysis/test_document_conversion_map.py::TestDocumentConversionMap::test_conversion_points_identified&#34;, &#34;duration&#34;: &#34;1 ms&#34;, &#34;resultsTableRow&#34;: [&#34;&lt;td class=\&#34;col-result\&#34;&gt;Passed&lt;/td&gt;&#34;, &#34;&lt;td class=\&#34;col-testId\&#34;&gt;tests/test_analysis/test_document_conversion_map.py::TestDocumentConversionMap::test_conversion_points_identified&lt;/td&gt;&#34;, &#34;&lt;td class=\&#34;col-duration\&#34;&gt;1 ms&lt;/td&gt;&#34;, &#34;&lt;td class=\&#34;col-links\&#34;&gt;&lt;/td&gt;&#34;], &#34;log&#34;: &#34;No log output captured.&#34;}], &#34;tests/test_analysis/test_document_conversion_map.py::TestDocumentConversionMap::test_create_conversion_map_function&#34;: [{&#34;extras&#34;: [], &#34;result&#34;: &#34;Passed&#34;, &#34;testId&#34;: &#34;tests/test_analysis/test_document_conversion_map.py::TestDocumentConversionMap::test_create_conversion_map_function&#34;, &#34;duration&#34;: &#34;0 ms&#34;, &#34;resultsTableRow&#34;: [&#34;&lt;td class=\&#34;col-result\&#34;&gt;Passed&lt;/td&gt;&#34;, &#34;&lt;td class=\&#34;col-testId\&#34;&gt;tests/test_analysis/test_document_conversion_map.py::TestDocumentConversionMap::test_create_conversion_map_function&lt;/td&gt;&#34;, &#34;&lt;td class=\&#34;col-duration\&#34;&gt;0 ms&lt;/td&gt;&#34;, &#34;&lt;td class=\&#34;col-links\&#34;&gt;&lt;/td&gt;&#34;], &#34;log&#34;: &#34;No log output captured.&#34;}], &#34;tests/test_analysis/test_document_conversion_map.py::TestDocumentConversionMap::test_data_flow_diagram&#34;: [{&#34;extras&#34;: [], &#34;result&#34;: &#34;Passed&#34;, &#34;testId&#34;: &#34;tests/test_analysis/test_document_conversion_map.py::TestDocumentConversionMap::test_data_flow_diagram&#34;, &#34;duration&#34;: &#34;0 ms&#34;, &#34;resultsTableRow&#34;: [&#34;&lt;td class=\&#34;col-result\&#34;&gt;Passed&lt;/td&gt;&#34;, &#34;&lt;td class=\&#34;col-testId\&#34;&gt;tests/test_analysis/test_document_conversion_map.py::TestDocumentConversionMap::test_data_flow_diagram&lt;/td&gt;&#34;, &#34;&lt;td class=\&#34;col-duration\&#34;&gt;0 ms&lt;/td&gt;&#34;, &#34;&lt;td class=\&#34;col-links\&#34;&gt;&lt;/td&gt;&#34;], &#34;log&#34;: &#34;No log output captured.&#34;}], &#34;tests/test_analysis/test_document_conversion_map.py::TestDocumentConversionMap::test_report_generation&#34;: [{&#34;extras&#34;: [], &#34;result&#34;: &#34;Passed&#34;, &#34;testId&#34;: &#34;tests/test_analysis/test_document_conversion_map.py::TestDocumentConversionMap::test_report_generation&#34;, &#34;duration&#34;: &#34;1 ms&#34;, &#34;resultsTableRow&#34;: [&#34;&lt;td class=\&#34;col-result\&#34;&gt;Passed&lt;/td&gt;&#34;, &#34;&lt;td class=\&#34;col-testId\&#34;&gt;tests/test_analysis/test_document_conversion_map.py::TestDocumentConversionMap::test_report_generation&lt;/td&gt;&#34;, &#34;&lt;td class=\&#34;col-duration\&#34;&gt;1 ms&lt;/td&gt;&#34;, &#34;&lt;td class=\&#34;col-links\&#34;&gt;&lt;/td&gt;&#34;], &#34;log&#34;: &#34;No log output captured.&#34;}], &#34;tests/test_converters/test_docling_to_papermage_converter.py::test_convert_pdf_document&#34;: [{&#34;extras&#34;: [], &#34;result&#34;: &#34;Passed&#34;, &#34;testId&#34;: &#34;tests/test_converters/test_docling_to_papermage_converter.py::test_convert_pdf_document&#34;, &#34;duration&#34;: &#34;2 ms&#34;, &#34;resultsTableRow&#34;: [&#34;&lt;td class=\&#34;col-result\&#34;&gt;Passed&lt;/td&gt;&#34;, &#34;&lt;td class=\&#34;col-testId\&#34;&gt;tests/test_converters/test_docling_to_papermage_converter.py::test_convert_pdf_document&lt;/td&gt;&#34;, &#34;&lt;td class=\&#34;col-duration\&#34;&gt;2 ms&lt;/td&gt;&#34;, &#34;&lt;td class=\&#34;col-links\&#34;&gt;&lt;/td&gt;&#34;], &#34;log&#34;: &#34;No log output captured.&#34;}], &#34;tests/test_converters/test_docling_to_papermage_converter.py::test_convert_docling_document&#34;: [{&#34;extras&#34;: [], &#34;result&#34;: &#34;Failed&#34;, &#34;testId&#34;: &#34;tests/test_converters/test_docling_to_papermage_converter.py::test_convert_docling_document&#34;, &#34;duration&#34;: &#34;2 ms&#34;, &#34;resultsTableRow&#34;: [&#34;&lt;td class=\&#34;col-result\&#34;&gt;Failed&lt;/td&gt;&#34;, &#34;&lt;td class=\&#34;col-testId\&#34;&gt;tests/test_converters/test_docling_to_papermage_converter.py::test_convert_docling_document&lt;/td&gt;&#34;, &#34;&lt;td class=\&#34;col-duration\&#34;&gt;2 ms&lt;/td&gt;&#34;, &#34;&lt;td class=\&#34;col-links\&#34;&gt;&lt;/td&gt;&#34;], &#34;log&#34;: &#34;mock_docling_document = &amp;lt;MagicMock spec=&amp;#x27;DoclingDocument&amp;#x27; id=&amp;#x27;5262757200&amp;#x27;&amp;gt;\n\n    @pytest.mark.skipif(not DOCLING_AVAILABLE, reason=&amp;quot;Docling dependencies not available&amp;quot;)\n    def test_convert_docling_document(mock_docling_document):\n        &amp;quot;&amp;quot;&amp;quot;Test conversion of DoclingDocument to PaperMage format.&amp;quot;&amp;quot;&amp;quot;\n        # Convert the document\n        result = DoclingToPaperMageConverter.convert_docling_document(mock_docling_document)\n    \n        # Validate basic structure\n        assert isinstance(result, Document)\n&amp;gt;       assert &amp;quot;This is a paragraph.&amp;quot; in result.symbols\nE       AssertionError: assert &amp;#x27;This is a paragraph.&amp;#x27; in &amp;#x27;&amp;#x27;\nE        +  where &amp;#x27;&amp;#x27; = Document(symbols=&amp;#x27;&amp;#x27;, metadata={&amp;#x27;source&amp;#x27;: &amp;#x27;docling&amp;#x27;, &amp;#x27;version&amp;#x27;: &amp;#x27;0.18.0&amp;#x27;, &amp;#x27;author&amp;#x27;: &amp;#x27;Test Author&amp;#x27;, &amp;#x27;language&amp;#x27;: &amp;#x27;en&amp;#x27;, &amp;#x27;t...792.0, page=0)], text=None, metadata={})], &amp;#x27;paragraphs&amp;#x27;: [], &amp;#x27;sentences&amp;#x27;: [], &amp;#x27;words&amp;#x27;: [], &amp;#x27;tokens&amp;#x27;: [], &amp;#x27;blocks&amp;#x27;: []}).symbols\n\ntests/test_converters/test_docling_to_papermage_converter.py:126: AssertionError\n&#34;}], &#34;tests/test_converters/test_docling_to_papermage_converter.py::test_validate_papermage_format&#34;: [{&#34;extras&#34;: [], &#34;result&#34;: &#34;Failed&#34;, &#34;testId&#34;: &#34;tests/test_converters/test_docling_to_papermage_converter.py::test_validate_papermage_format&#34;, &#34;duration&#34;: &#34;1 ms&#34;, &#34;resultsTableRow&#34;: [&#34;&lt;td class=\&#34;col-result\&#34;&gt;Failed&lt;/td&gt;&#34;, &#34;&lt;td class=\&#34;col-testId\&#34;&gt;tests/test_converters/test_docling_to_papermage_converter.py::test_validate_papermage_format&lt;/td&gt;&#34;, &#34;&lt;td class=\&#34;col-duration\&#34;&gt;1 ms&lt;/td&gt;&#34;, &#34;&lt;td class=\&#34;col-links\&#34;&gt;&lt;/td&gt;&#34;], &#34;log&#34;: &#34;def test_validate_papermage_format():\n        &amp;quot;&amp;quot;&amp;quot;Test validation of PaperMage document format.&amp;quot;&amp;quot;&amp;quot;\n        # Create a valid document\n        doc = Document(\n            symbols=&amp;quot;Test document&amp;quot;,\n            metadata={&amp;quot;version&amp;quot;: &amp;quot;0.18.0&amp;quot;},\n            entities={\n                &amp;quot;pages&amp;quot;: [\n                    Entity(\n                        spans=[Span(start=0, end=12)],\n                        boxes=[Box(x0=0, y0=0, x1=100, y1=100, page=0)],\n                        text=&amp;quot;Test document&amp;quot;\n                    )\n                ]\n            }\n        )\n    \n        # Validate format\n        assert DoclingToPaperMageConverter.validate_papermage_format(doc) is True\n    \n        # Test invalid document (missing required fields)\n        invalid_doc = Document(symbols=&amp;quot;&amp;quot;)\n&amp;gt;       with pytest.raises(ValueError):\nE       Failed: DID NOT RAISE &amp;lt;class &amp;#x27;ValueError&amp;#x27;&amp;gt;\n\ntests/test_converters/test_docling_to_papermage_converter.py:164: Failed\n&#34;}], &#34;tests/test_converters/test_docling_to_papermage_converter.py::test_document_to_json_conversion&#34;: [{&#34;extras&#34;: [], &#34;result&#34;: &#34;Passed&#34;, &#34;testId&#34;: &#34;tests/test_converters/test_docling_to_papermage_converter.py::test_document_to_json_conversion&#34;, &#34;duration&#34;: &#34;13 ms&#34;, &#34;resultsTableRow&#34;: [&#34;&lt;td class=\&#34;col-result\&#34;&gt;Passed&lt;/td&gt;&#34;, &#34;&lt;td class=\&#34;col-testId\&#34;&gt;tests/test_converters/test_docling_to_papermage_converter.py::test_document_to_json_conversion&lt;/td&gt;&#34;, &#34;&lt;td class=\&#34;col-duration\&#34;&gt;13 ms&lt;/td&gt;&#34;, &#34;&lt;td class=\&#34;col-links\&#34;&gt;&lt;/td&gt;&#34;], &#34;log&#34;: &#34;No log output captured.&#34;}], &#34;tests/test_end_to_end.py::test_environment_setup&#34;: [{&#34;extras&#34;: [], &#34;result&#34;: &#34;Skipped&#34;, &#34;testId&#34;: &#34;tests/test_end_to_end.py::test_environment_setup::setup&#34;, &#34;duration&#34;: &#34;1 ms&#34;, &#34;resultsTableRow&#34;: [&#34;&lt;td class=\&#34;col-result\&#34;&gt;Skipped&lt;/td&gt;&#34;, &#34;&lt;td class=\&#34;col-testId\&#34;&gt;tests/test_end_to_end.py::test_environment_setup::setup&lt;/td&gt;&#34;, &#34;&lt;td class=\&#34;col-duration\&#34;&gt;1 ms&lt;/td&gt;&#34;, &#34;&lt;td class=\&#34;col-links\&#34;&gt;&lt;/td&gt;&#34;], &#34;log&#34;: &#34;(&amp;#x27;/Users/newmacbookpro/Developmet workspace/semantic-reader-backend/tests/test_end_to_end.py&amp;#x27;, 240, &amp;quot;Skipped: Engine initialization failed: No module named &amp;#x27;papermage&amp;#x27;&amp;quot;)\n&#34;}], &#34;tests/test_end_to_end.py::test_document_loading[simple]&#34;: [{&#34;extras&#34;: [], &#34;result&#34;: &#34;Skipped&#34;, &#34;testId&#34;: &#34;tests/test_end_to_end.py::test_document_loading[simple]::setup&#34;, &#34;duration&#34;: &#34;0 ms&#34;, &#34;resultsTableRow&#34;: [&#34;&lt;td class=\&#34;col-result\&#34;&gt;Skipped&lt;/td&gt;&#34;, &#34;&lt;td class=\&#34;col-testId\&#34;&gt;tests/test_end_to_end.py::test_document_loading[simple]::setup&lt;/td&gt;&#34;, &#34;&lt;td class=\&#34;col-duration\&#34;&gt;0 ms&lt;/td&gt;&#34;, &#34;&lt;td class=\&#34;col-links\&#34;&gt;&lt;/td&gt;&#34;], &#34;log&#34;: &#34;(&amp;#x27;/Users/newmacbookpro/Developmet workspace/semantic-reader-backend/tests/test_end_to_end.py&amp;#x27;, 356, &amp;quot;Skipped: Engine initialization failed: No module named &amp;#x27;papermage&amp;#x27;&amp;quot;)\n&#34;}], &#34;tests/test_end_to_end.py::test_document_loading[complex]&#34;: [{&#34;extras&#34;: [], &#34;result&#34;: &#34;Skipped&#34;, &#34;testId&#34;: &#34;tests/test_end_to_end.py::test_document_loading[complex]::setup&#34;, &#34;duration&#34;: &#34;0 ms&#34;, &#34;resultsTableRow&#34;: [&#34;&lt;td class=\&#34;col-result\&#34;&gt;Skipped&lt;/td&gt;&#34;, &#34;&lt;td class=\&#34;col-testId\&#34;&gt;tests/test_end_to_end.py::test_document_loading[complex]::setup&lt;/td&gt;&#34;, &#34;&lt;td class=\&#34;col-duration\&#34;&gt;0 ms&lt;/td&gt;&#34;, &#34;&lt;td class=\&#34;col-links\&#34;&gt;&lt;/td&gt;&#34;], &#34;log&#34;: &#34;(&amp;#x27;/Users/newmacbookpro/Developmet workspace/semantic-reader-backend/tests/test_end_to_end.py&amp;#x27;, 356, &amp;quot;Skipped: Engine initialization failed: No module named &amp;#x27;papermage&amp;#x27;&amp;quot;)\n&#34;}], &#34;tests/test_end_to_end.py::test_document_loading[rtl]&#34;: [{&#34;extras&#34;: [], &#34;result&#34;: &#34;Skipped&#34;, &#34;testId&#34;: &#34;tests/test_end_to_end.py::test_document_loading[rtl]::setup&#34;, &#34;duration&#34;: &#34;0 ms&#34;, &#34;resultsTableRow&#34;: [&#34;&lt;td class=\&#34;col-result\&#34;&gt;Skipped&lt;/td&gt;&#34;, &#34;&lt;td class=\&#34;col-testId\&#34;&gt;tests/test_end_to_end.py::test_document_loading[rtl]::setup&lt;/td&gt;&#34;, &#34;&lt;td class=\&#34;col-duration\&#34;&gt;0 ms&lt;/td&gt;&#34;, &#34;&lt;td class=\&#34;col-links\&#34;&gt;&lt;/td&gt;&#34;], &#34;log&#34;: &#34;(&amp;#x27;/Users/newmacbookpro/Developmet workspace/semantic-reader-backend/tests/test_end_to_end.py&amp;#x27;, 356, &amp;quot;Skipped: Engine initialization failed: No module named &amp;#x27;papermage&amp;#x27;&amp;quot;)\n&#34;}], &#34;tests/test_end_to_end.py::test_token_extraction[doc_sample0]&#34;: [{&#34;extras&#34;: [], &#34;result&#34;: &#34;Skipped&#34;, &#34;testId&#34;: &#34;tests/test_end_to_end.py::test_token_extraction[doc_sample0]::setup&#34;, &#34;duration&#34;: &#34;0 ms&#34;, &#34;resultsTableRow&#34;: [&#34;&lt;td class=\&#34;col-result\&#34;&gt;Skipped&lt;/td&gt;&#34;, &#34;&lt;td class=\&#34;col-testId\&#34;&gt;tests/test_end_to_end.py::test_token_extraction[doc_sample0]::setup&lt;/td&gt;&#34;, &#34;&lt;td class=\&#34;col-duration\&#34;&gt;0 ms&lt;/td&gt;&#34;, &#34;&lt;td class=\&#34;col-links\&#34;&gt;&lt;/td&gt;&#34;], &#34;log&#34;: &#34;(&amp;#x27;/Users/newmacbookpro/Developmet workspace/semantic-reader-backend/tests/test_end_to_end.py&amp;#x27;, 391, &amp;quot;Skipped: Engine initialization failed: No module named &amp;#x27;papermage&amp;#x27;&amp;quot;)\n&#34;}], &#34;tests/test_end_to_end.py::test_token_extraction[doc_sample1]&#34;: [{&#34;extras&#34;: [], &#34;result&#34;: &#34;Skipped&#34;, &#34;testId&#34;: &#34;tests/test_end_to_end.py::test_token_extraction[doc_sample1]::setup&#34;, &#34;duration&#34;: &#34;1 ms&#34;, &#34;resultsTableRow&#34;: [&#34;&lt;td class=\&#34;col-result\&#34;&gt;Skipped&lt;/td&gt;&#34;, &#34;&lt;td class=\&#34;col-testId\&#34;&gt;tests/test_end_to_end.py::test_token_extraction[doc_sample1]::setup&lt;/td&gt;&#34;, &#34;&lt;td class=\&#34;col-duration\&#34;&gt;1 ms&lt;/td&gt;&#34;, &#34;&lt;td class=\&#34;col-links\&#34;&gt;&lt;/td&gt;&#34;], &#34;log&#34;: &#34;(&amp;#x27;/Users/newmacbookpro/Developmet workspace/semantic-reader-backend/tests/test_end_to_end.py&amp;#x27;, 391, &amp;quot;Skipped: Engine initialization failed: No module named &amp;#x27;papermage&amp;#x27;&amp;quot;)\n&#34;}], &#34;tests/test_end_to_end.py::test_token_extraction[doc_sample2]&#34;: [{&#34;extras&#34;: [], &#34;result&#34;: &#34;Skipped&#34;, &#34;testId&#34;: &#34;tests/test_end_to_end.py::test_token_extraction[doc_sample2]::setup&#34;, &#34;duration&#34;: &#34;1 ms&#34;, &#34;resultsTableRow&#34;: [&#34;&lt;td class=\&#34;col-result\&#34;&gt;Skipped&lt;/td&gt;&#34;, &#34;&lt;td class=\&#34;col-testId\&#34;&gt;tests/test_end_to_end.py::test_token_extraction[doc_sample2]::setup&lt;/td&gt;&#34;, &#34;&lt;td class=\&#34;col-duration\&#34;&gt;1 ms&lt;/td&gt;&#34;, &#34;&lt;td class=\&#34;col-links\&#34;&gt;&lt;/td&gt;&#34;], &#34;log&#34;: &#34;(&amp;#x27;/Users/newmacbookpro/Developmet workspace/semantic-reader-backend/tests/test_end_to_end.py&amp;#x27;, 391, &amp;quot;Skipped: Engine initialization failed: No module named &amp;#x27;papermage&amp;#x27;&amp;quot;)\n&#34;}], &#34;tests/test_end_to_end.py::test_token_extraction[doc_sample3]&#34;: [{&#34;extras&#34;: [], &#34;result&#34;: &#34;Skipped&#34;, &#34;testId&#34;: &#34;tests/test_end_to_end.py::test_token_extraction[doc_sample3]::setup&#34;, &#34;duration&#34;: &#34;0 ms&#34;, &#34;resultsTableRow&#34;: [&#34;&lt;td class=\&#34;col-result\&#34;&gt;Skipped&lt;/td&gt;&#34;, &#34;&lt;td class=\&#34;col-testId\&#34;&gt;tests/test_end_to_end.py::test_token_extraction[doc_sample3]::setup&lt;/td&gt;&#34;, &#34;&lt;td class=\&#34;col-duration\&#34;&gt;0 ms&lt;/td&gt;&#34;, &#34;&lt;td class=\&#34;col-links\&#34;&gt;&lt;/td&gt;&#34;], &#34;log&#34;: &#34;(&amp;#x27;/Users/newmacbookpro/Developmet workspace/semantic-reader-backend/tests/test_end_to_end.py&amp;#x27;, 391, &amp;quot;Skipped: Engine initialization failed: No module named &amp;#x27;papermage&amp;#x27;&amp;quot;)\n&#34;}], &#34;tests/test_end_to_end.py::test_token_extraction[doc_sample4]&#34;: [{&#34;extras&#34;: [], &#34;result&#34;: &#34;Skipped&#34;, &#34;testId&#34;: &#34;tests/test_end_to_end.py::test_token_extraction[doc_sample4]::setup&#34;, &#34;duration&#34;: &#34;0 ms&#34;, &#34;resultsTableRow&#34;: [&#34;&lt;td class=\&#34;col-result\&#34;&gt;Skipped&lt;/td&gt;&#34;, &#34;&lt;td class=\&#34;col-testId\&#34;&gt;tests/test_end_to_end.py::test_token_extraction[doc_sample4]::setup&lt;/td&gt;&#34;, &#34;&lt;td class=\&#34;col-duration\&#34;&gt;0 ms&lt;/td&gt;&#34;, &#34;&lt;td class=\&#34;col-links\&#34;&gt;&lt;/td&gt;&#34;], &#34;log&#34;: &#34;(&amp;#x27;/Users/newmacbookpro/Developmet workspace/semantic-reader-backend/tests/test_end_to_end.py&amp;#x27;, 391, &amp;quot;Skipped: Engine initialization failed: No module named &amp;#x27;papermage&amp;#x27;&amp;quot;)\n&#34;}], &#34;tests/test_end_to_end.py::test_token_extraction[doc_sample5]&#34;: [{&#34;extras&#34;: [], &#34;result&#34;: &#34;Skipped&#34;, &#34;testId&#34;: &#34;tests/test_end_to_end.py::test_token_extraction[doc_sample5]::setup&#34;, &#34;duration&#34;: &#34;0 ms&#34;, &#34;resultsTableRow&#34;: [&#34;&lt;td class=\&#34;col-result\&#34;&gt;Skipped&lt;/td&gt;&#34;, &#34;&lt;td class=\&#34;col-testId\&#34;&gt;tests/test_end_to_end.py::test_token_extraction[doc_sample5]::setup&lt;/td&gt;&#34;, &#34;&lt;td class=\&#34;col-duration\&#34;&gt;0 ms&lt;/td&gt;&#34;, &#34;&lt;td class=\&#34;col-links\&#34;&gt;&lt;/td&gt;&#34;], &#34;log&#34;: &#34;(&amp;#x27;/Users/newmacbookpro/Developmet workspace/semantic-reader-backend/tests/test_end_to_end.py&amp;#x27;, 391, &amp;quot;Skipped: Engine initialization failed: No module named &amp;#x27;papermage&amp;#x27;&amp;quot;)\n&#34;}], &#34;tests/test_end_to_end.py::test_token_extraction[doc_sample6]&#34;: [{&#34;extras&#34;: [], &#34;result&#34;: &#34;Skipped&#34;, &#34;testId&#34;: &#34;tests/test_end_to_end.py::test_token_extraction[doc_sample6]::setup&#34;, &#34;duration&#34;: &#34;1 ms&#34;, &#34;resultsTableRow&#34;: [&#34;&lt;td class=\&#34;col-result\&#34;&gt;Skipped&lt;/td&gt;&#34;, &#34;&lt;td class=\&#34;col-testId\&#34;&gt;tests/test_end_to_end.py::test_token_extraction[doc_sample6]::setup&lt;/td&gt;&#34;, &#34;&lt;td class=\&#34;col-duration\&#34;&gt;1 ms&lt;/td&gt;&#34;, &#34;&lt;td class=\&#34;col-links\&#34;&gt;&lt;/td&gt;&#34;], &#34;log&#34;: &#34;(&amp;#x27;/Users/newmacbookpro/Developmet workspace/semantic-reader-backend/tests/test_end_to_end.py&amp;#x27;, 391, &amp;quot;Skipped: Engine initialization failed: No module named &amp;#x27;papermage&amp;#x27;&amp;quot;)\n&#34;}], &#34;tests/test_end_to_end.py::test_text_recognition[doc_sample0]&#34;: [{&#34;extras&#34;: [], &#34;result&#34;: &#34;Skipped&#34;, &#34;testId&#34;: &#34;tests/test_end_to_end.py::test_text_recognition[doc_sample0]::setup&#34;, &#34;duration&#34;: &#34;0 ms&#34;, &#34;resultsTableRow&#34;: [&#34;&lt;td class=\&#34;col-result\&#34;&gt;Skipped&lt;/td&gt;&#34;, &#34;&lt;td class=\&#34;col-testId\&#34;&gt;tests/test_end_to_end.py::test_text_recognition[doc_sample0]::setup&lt;/td&gt;&#34;, &#34;&lt;td class=\&#34;col-duration\&#34;&gt;0 ms&lt;/td&gt;&#34;, &#34;&lt;td class=\&#34;col-links\&#34;&gt;&lt;/td&gt;&#34;], &#34;log&#34;: &#34;(&amp;#x27;/Users/newmacbookpro/Developmet workspace/semantic-reader-backend/tests/test_end_to_end.py&amp;#x27;, 447, &amp;quot;Skipped: Engine initialization failed: No module named &amp;#x27;papermage&amp;#x27;&amp;quot;)\n&#34;}], &#34;tests/test_end_to_end.py::test_text_recognition[doc_sample1]&#34;: [{&#34;extras&#34;: [], &#34;result&#34;: &#34;Skipped&#34;, &#34;testId&#34;: &#34;tests/test_end_to_end.py::test_text_recognition[doc_sample1]::setup&#34;, &#34;duration&#34;: &#34;0 ms&#34;, &#34;resultsTableRow&#34;: [&#34;&lt;td class=\&#34;col-result\&#34;&gt;Skipped&lt;/td&gt;&#34;, &#34;&lt;td class=\&#34;col-testId\&#34;&gt;tests/test_end_to_end.py::test_text_recognition[doc_sample1]::setup&lt;/td&gt;&#34;, &#34;&lt;td class=\&#34;col-duration\&#34;&gt;0 ms&lt;/td&gt;&#34;, &#34;&lt;td class=\&#34;col-links\&#34;&gt;&lt;/td&gt;&#34;], &#34;log&#34;: &#34;(&amp;#x27;/Users/newmacbookpro/Developmet workspace/semantic-reader-backend/tests/test_end_to_end.py&amp;#x27;, 447, &amp;quot;Skipped: Engine initialization failed: No module named &amp;#x27;papermage&amp;#x27;&amp;quot;)\n&#34;}], &#34;tests/test_end_to_end.py::test_text_recognition[doc_sample2]&#34;: [{&#34;extras&#34;: [], &#34;result&#34;: &#34;Skipped&#34;, &#34;testId&#34;: &#34;tests/test_end_to_end.py::test_text_recognition[doc_sample2]::setup&#34;, &#34;duration&#34;: &#34;0 ms&#34;, &#34;resultsTableRow&#34;: [&#34;&lt;td class=\&#34;col-result\&#34;&gt;Skipped&lt;/td&gt;&#34;, &#34;&lt;td class=\&#34;col-testId\&#34;&gt;tests/test_end_to_end.py::test_text_recognition[doc_sample2]::setup&lt;/td&gt;&#34;, &#34;&lt;td class=\&#34;col-duration\&#34;&gt;0 ms&lt;/td&gt;&#34;, &#34;&lt;td class=\&#34;col-links\&#34;&gt;&lt;/td&gt;&#34;], &#34;log&#34;: &#34;(&amp;#x27;/Users/newmacbookpro/Developmet workspace/semantic-reader-backend/tests/test_end_to_end.py&amp;#x27;, 447, &amp;quot;Skipped: Engine initialization failed: No module named &amp;#x27;papermage&amp;#x27;&amp;quot;)\n&#34;}], &#34;tests/test_end_to_end.py::test_text_recognition[doc_sample3]&#34;: [{&#34;extras&#34;: [], &#34;result&#34;: &#34;Skipped&#34;, &#34;testId&#34;: &#34;tests/test_end_to_end.py::test_text_recognition[doc_sample3]::setup&#34;, &#34;duration&#34;: &#34;0 ms&#34;, &#34;resultsTableRow&#34;: [&#34;&lt;td class=\&#34;col-result\&#34;&gt;Skipped&lt;/td&gt;&#34;, &#34;&lt;td class=\&#34;col-testId\&#34;&gt;tests/test_end_to_end.py::test_text_recognition[doc_sample3]::setup&lt;/td&gt;&#34;, &#34;&lt;td class=\&#34;col-duration\&#34;&gt;0 ms&lt;/td&gt;&#34;, &#34;&lt;td class=\&#34;col-links\&#34;&gt;&lt;/td&gt;&#34;], &#34;log&#34;: &#34;(&amp;#x27;/Users/newmacbookpro/Developmet workspace/semantic-reader-backend/tests/test_end_to_end.py&amp;#x27;, 447, &amp;quot;Skipped: Engine initialization failed: No module named &amp;#x27;papermage&amp;#x27;&amp;quot;)\n&#34;}], &#34;tests/test_end_to_end.py::test_text_recognition[doc_sample4]&#34;: [{&#34;extras&#34;: [], &#34;result&#34;: &#34;Skipped&#34;, &#34;testId&#34;: &#34;tests/test_end_to_end.py::test_text_recognition[doc_sample4]::setup&#34;, &#34;duration&#34;: &#34;1 ms&#34;, &#34;resultsTableRow&#34;: [&#34;&lt;td class=\&#34;col-result\&#34;&gt;Skipped&lt;/td&gt;&#34;, &#34;&lt;td class=\&#34;col-testId\&#34;&gt;tests/test_end_to_end.py::test_text_recognition[doc_sample4]::setup&lt;/td&gt;&#34;, &#34;&lt;td class=\&#34;col-duration\&#34;&gt;1 ms&lt;/td&gt;&#34;, &#34;&lt;td class=\&#34;col-links\&#34;&gt;&lt;/td&gt;&#34;], &#34;log&#34;: &#34;(&amp;#x27;/Users/newmacbookpro/Developmet workspace/semantic-reader-backend/tests/test_end_to_end.py&amp;#x27;, 447, &amp;quot;Skipped: Engine initialization failed: No module named &amp;#x27;papermage&amp;#x27;&amp;quot;)\n&#34;}], &#34;tests/test_end_to_end.py::test_text_recognition[doc_sample5]&#34;: [{&#34;extras&#34;: [], &#34;result&#34;: &#34;Skipped&#34;, &#34;testId&#34;: &#34;tests/test_end_to_end.py::test_text_recognition[doc_sample5]::setup&#34;, &#34;duration&#34;: &#34;0 ms&#34;, &#34;resultsTableRow&#34;: [&#34;&lt;td class=\&#34;col-result\&#34;&gt;Skipped&lt;/td&gt;&#34;, &#34;&lt;td class=\&#34;col-testId\&#34;&gt;tests/test_end_to_end.py::test_text_recognition[doc_sample5]::setup&lt;/td&gt;&#34;, &#34;&lt;td class=\&#34;col-duration\&#34;&gt;0 ms&lt;/td&gt;&#34;, &#34;&lt;td class=\&#34;col-links\&#34;&gt;&lt;/td&gt;&#34;], &#34;log&#34;: &#34;(&amp;#x27;/Users/newmacbookpro/Developmet workspace/semantic-reader-backend/tests/test_end_to_end.py&amp;#x27;, 447, &amp;quot;Skipped: Engine initialization failed: No module named &amp;#x27;papermage&amp;#x27;&amp;quot;)\n&#34;}], &#34;tests/test_end_to_end.py::test_text_recognition[doc_sample6]&#34;: [{&#34;extras&#34;: [], &#34;result&#34;: &#34;Skipped&#34;, &#34;testId&#34;: &#34;tests/test_end_to_end.py::test_text_recognition[doc_sample6]::setup&#34;, &#34;duration&#34;: &#34;0 ms&#34;, &#34;resultsTableRow&#34;: [&#34;&lt;td class=\&#34;col-result\&#34;&gt;Skipped&lt;/td&gt;&#34;, &#34;&lt;td class=\&#34;col-testId\&#34;&gt;tests/test_end_to_end.py::test_text_recognition[doc_sample6]::setup&lt;/td&gt;&#34;, &#34;&lt;td class=\&#34;col-duration\&#34;&gt;0 ms&lt;/td&gt;&#34;, &#34;&lt;td class=\&#34;col-links\&#34;&gt;&lt;/td&gt;&#34;], &#34;log&#34;: &#34;(&amp;#x27;/Users/newmacbookpro/Developmet workspace/semantic-reader-backend/tests/test_end_to_end.py&amp;#x27;, 447, &amp;quot;Skipped: Engine initialization failed: No module named &amp;#x27;papermage&amp;#x27;&amp;quot;)\n&#34;}], &#34;tests/test_end_to_end.py::test_document_structure[doc_sample0]&#34;: [{&#34;extras&#34;: [], &#34;result&#34;: &#34;Skipped&#34;, &#34;testId&#34;: &#34;tests/test_end_to_end.py::test_document_structure[doc_sample0]::setup&#34;, &#34;duration&#34;: &#34;0 ms&#34;, &#34;resultsTableRow&#34;: [&#34;&lt;td class=\&#34;col-result\&#34;&gt;Skipped&lt;/td&gt;&#34;, &#34;&lt;td class=\&#34;col-testId\&#34;&gt;tests/test_end_to_end.py::test_document_structure[doc_sample0]::setup&lt;/td&gt;&#34;, &#34;&lt;td class=\&#34;col-duration\&#34;&gt;0 ms&lt;/td&gt;&#34;, &#34;&lt;td class=\&#34;col-links\&#34;&gt;&lt;/td&gt;&#34;], &#34;log&#34;: &#34;(&amp;#x27;/Users/newmacbookpro/Developmet workspace/semantic-reader-backend/tests/test_end_to_end.py&amp;#x27;, 502, &amp;quot;Skipped: Engine initialization failed: No module named &amp;#x27;papermage&amp;#x27;&amp;quot;)\n&#34;}], &#34;tests/test_end_to_end.py::test_document_structure[doc_sample1]&#34;: [{&#34;extras&#34;: [], &#34;result&#34;: &#34;Skipped&#34;, &#34;testId&#34;: &#34;tests/test_end_to_end.py::test_document_structure[doc_sample1]::setup&#34;, &#34;duration&#34;: &#34;1 ms&#34;, &#34;resultsTableRow&#34;: [&#34;&lt;td class=\&#34;col-result\&#34;&gt;Skipped&lt;/td&gt;&#34;, &#34;&lt;td class=\&#34;col-testId\&#34;&gt;tests/test_end_to_end.py::test_document_structure[doc_sample1]::setup&lt;/td&gt;&#34;, &#34;&lt;td class=\&#34;col-duration\&#34;&gt;1 ms&lt;/td&gt;&#34;, &#34;&lt;td class=\&#34;col-links\&#34;&gt;&lt;/td&gt;&#34;], &#34;log&#34;: &#34;(&amp;#x27;/Users/newmacbookpro/Developmet workspace/semantic-reader-backend/tests/test_end_to_end.py&amp;#x27;, 502, &amp;quot;Skipped: Engine initialization failed: No module named &amp;#x27;papermage&amp;#x27;&amp;quot;)\n&#34;}], &#34;tests/test_end_to_end.py::test_document_structure[doc_sample2]&#34;: [{&#34;extras&#34;: [], &#34;result&#34;: &#34;Skipped&#34;, &#34;testId&#34;: &#34;tests/test_end_to_end.py::test_document_structure[doc_sample2]::setup&#34;, &#34;duration&#34;: &#34;1 ms&#34;, &#34;resultsTableRow&#34;: [&#34;&lt;td class=\&#34;col-result\&#34;&gt;Skipped&lt;/td&gt;&#34;, &#34;&lt;td class=\&#34;col-testId\&#34;&gt;tests/test_end_to_end.py::test_document_structure[doc_sample2]::setup&lt;/td&gt;&#34;, &#34;&lt;td class=\&#34;col-duration\&#34;&gt;1 ms&lt;/td&gt;&#34;, &#34;&lt;td class=\&#34;col-links\&#34;&gt;&lt;/td&gt;&#34;], &#34;log&#34;: &#34;(&amp;#x27;/Users/newmacbookpro/Developmet workspace/semantic-reader-backend/tests/test_end_to_end.py&amp;#x27;, 502, &amp;quot;Skipped: Engine initialization failed: No module named &amp;#x27;papermage&amp;#x27;&amp;quot;)\n&#34;}], &#34;tests/test_end_to_end.py::test_document_structure[doc_sample3]&#34;: [{&#34;extras&#34;: [], &#34;result&#34;: &#34;Skipped&#34;, &#34;testId&#34;: &#34;tests/test_end_to_end.py::test_document_structure[doc_sample3]::setup&#34;, &#34;duration&#34;: &#34;0 ms&#34;, &#34;resultsTableRow&#34;: [&#34;&lt;td class=\&#34;col-result\&#34;&gt;Skipped&lt;/td&gt;&#34;, &#34;&lt;td class=\&#34;col-testId\&#34;&gt;tests/test_end_to_end.py::test_document_structure[doc_sample3]::setup&lt;/td&gt;&#34;, &#34;&lt;td class=\&#34;col-duration\&#34;&gt;0 ms&lt;/td&gt;&#34;, &#34;&lt;td class=\&#34;col-links\&#34;&gt;&lt;/td&gt;&#34;], &#34;log&#34;: &#34;(&amp;#x27;/Users/newmacbookpro/Developmet workspace/semantic-reader-backend/tests/test_end_to_end.py&amp;#x27;, 502, &amp;quot;Skipped: Engine initialization failed: No module named &amp;#x27;papermage&amp;#x27;&amp;quot;)\n&#34;}], &#34;tests/test_end_to_end.py::test_document_structure[doc_sample4]&#34;: [{&#34;extras&#34;: [], &#34;result&#34;: &#34;Skipped&#34;, &#34;testId&#34;: &#34;tests/test_end_to_end.py::test_document_structure[doc_sample4]::setup&#34;, &#34;duration&#34;: &#34;0 ms&#34;, &#34;resultsTableRow&#34;: [&#34;&lt;td class=\&#34;col-result\&#34;&gt;Skipped&lt;/td&gt;&#34;, &#34;&lt;td class=\&#34;col-testId\&#34;&gt;tests/test_end_to_end.py::test_document_structure[doc_sample4]::setup&lt;/td&gt;&#34;, &#34;&lt;td class=\&#34;col-duration\&#34;&gt;0 ms&lt;/td&gt;&#34;, &#34;&lt;td class=\&#34;col-links\&#34;&gt;&lt;/td&gt;&#34;], &#34;log&#34;: &#34;(&amp;#x27;/Users/newmacbookpro/Developmet workspace/semantic-reader-backend/tests/test_end_to_end.py&amp;#x27;, 502, &amp;quot;Skipped: Engine initialization failed: No module named &amp;#x27;papermage&amp;#x27;&amp;quot;)\n&#34;}], &#34;tests/test_end_to_end.py::test_document_structure[doc_sample5]&#34;: [{&#34;extras&#34;: [], &#34;result&#34;: &#34;Skipped&#34;, &#34;testId&#34;: &#34;tests/test_end_to_end.py::test_document_structure[doc_sample5]::setup&#34;, &#34;duration&#34;: &#34;1 ms&#34;, &#34;resultsTableRow&#34;: [&#34;&lt;td class=\&#34;col-result\&#34;&gt;Skipped&lt;/td&gt;&#34;, &#34;&lt;td class=\&#34;col-testId\&#34;&gt;tests/test_end_to_end.py::test_document_structure[doc_sample5]::setup&lt;/td&gt;&#34;, &#34;&lt;td class=\&#34;col-duration\&#34;&gt;1 ms&lt;/td&gt;&#34;, &#34;&lt;td class=\&#34;col-links\&#34;&gt;&lt;/td&gt;&#34;], &#34;log&#34;: &#34;(&amp;#x27;/Users/newmacbookpro/Developmet workspace/semantic-reader-backend/tests/test_end_to_end.py&amp;#x27;, 502, &amp;quot;Skipped: Engine initialization failed: No module named &amp;#x27;papermage&amp;#x27;&amp;quot;)\n&#34;}], &#34;tests/test_end_to_end.py::test_document_structure[doc_sample6]&#34;: [{&#34;extras&#34;: [], &#34;result&#34;: &#34;Skipped&#34;, &#34;testId&#34;: &#34;tests/test_end_to_end.py::test_document_structure[doc_sample6]::setup&#34;, &#34;duration&#34;: &#34;1 ms&#34;, &#34;resultsTableRow&#34;: [&#34;&lt;td class=\&#34;col-result\&#34;&gt;Skipped&lt;/td&gt;&#34;, &#34;&lt;td class=\&#34;col-testId\&#34;&gt;tests/test_end_to_end.py::test_document_structure[doc_sample6]::setup&lt;/td&gt;&#34;, &#34;&lt;td class=\&#34;col-duration\&#34;&gt;1 ms&lt;/td&gt;&#34;, &#34;&lt;td class=\&#34;col-links\&#34;&gt;&lt;/td&gt;&#34;], &#34;log&#34;: &#34;(&amp;#x27;/Users/newmacbookpro/Developmet workspace/semantic-reader-backend/tests/test_end_to_end.py&amp;#x27;, 502, &amp;quot;Skipped: Engine initialization failed: No module named &amp;#x27;papermage&amp;#x27;&amp;quot;)\n&#34;}], &#34;tests/test_end_to_end.py::test_api_endpoints&#34;: [{&#34;extras&#34;: [], &#34;result&#34;: &#34;Skipped&#34;, &#34;testId&#34;: &#34;tests/test_end_to_end.py::test_api_endpoints::setup&#34;, &#34;duration&#34;: &#34;0 ms&#34;, &#34;resultsTableRow&#34;: [&#34;&lt;td class=\&#34;col-result\&#34;&gt;Skipped&lt;/td&gt;&#34;, &#34;&lt;td class=\&#34;col-testId\&#34;&gt;tests/test_end_to_end.py::test_api_endpoints::setup&lt;/td&gt;&#34;, &#34;&lt;td class=\&#34;col-duration\&#34;&gt;0 ms&lt;/td&gt;&#34;, &#34;&lt;td class=\&#34;col-links\&#34;&gt;&lt;/td&gt;&#34;], &#34;log&#34;: &#34;(&amp;#x27;/Users/newmacbookpro/Developmet workspace/semantic-reader-backend/tests/test_end_to_end.py&amp;#x27;, 564, &amp;quot;Skipped: Engine initialization failed: No module named &amp;#x27;papermage&amp;#x27;&amp;quot;)\n&#34;}], &#34;tests/test_end_to_end.py::test_core_document_processing_comparison[simple]&#34;: [{&#34;extras&#34;: [], &#34;result&#34;: &#34;Skipped&#34;, &#34;testId&#34;: &#34;tests/test_end_to_end.py::test_core_document_processing_comparison[simple]::setup&#34;, &#34;duration&#34;: &#34;0 ms&#34;, &#34;resultsTableRow&#34;: [&#34;&lt;td class=\&#34;col-result\&#34;&gt;Skipped&lt;/td&gt;&#34;, &#34;&lt;td class=\&#34;col-testId\&#34;&gt;tests/test_end_to_end.py::test_core_document_processing_comparison[simple]::setup&lt;/td&gt;&#34;, &#34;&lt;td class=\&#34;col-duration\&#34;&gt;0 ms&lt;/td&gt;&#34;, &#34;&lt;td class=\&#34;col-links\&#34;&gt;&lt;/td&gt;&#34;], &#34;log&#34;: &#34;(&amp;#x27;/Users/newmacbookpro/Developmet workspace/semantic-reader-backend/tests/test_end_to_end.py&amp;#x27;, 606, &amp;quot;Skipped: Engine initialization failed: No module named &amp;#x27;papermage&amp;#x27;&amp;quot;)\n&#34;}], &#34;tests/test_end_to_end.py::test_core_document_processing_comparison[complex]&#34;: [{&#34;extras&#34;: [], &#34;result&#34;: &#34;Skipped&#34;, &#34;testId&#34;: &#34;tests/test_end_to_end.py::test_core_document_processing_comparison[complex]::setup&#34;, &#34;duration&#34;: &#34;0 ms&#34;, &#34;resultsTableRow&#34;: [&#34;&lt;td class=\&#34;col-result\&#34;&gt;Skipped&lt;/td&gt;&#34;, &#34;&lt;td class=\&#34;col-testId\&#34;&gt;tests/test_end_to_end.py::test_core_document_processing_comparison[complex]::setup&lt;/td&gt;&#34;, &#34;&lt;td class=\&#34;col-duration\&#34;&gt;0 ms&lt;/td&gt;&#34;, &#34;&lt;td class=\&#34;col-links\&#34;&gt;&lt;/td&gt;&#34;], &#34;log&#34;: &#34;(&amp;#x27;/Users/newmacbookpro/Developmet workspace/semantic-reader-backend/tests/test_end_to_end.py&amp;#x27;, 606, &amp;quot;Skipped: Engine initialization failed: No module named &amp;#x27;papermage&amp;#x27;&amp;quot;)\n&#34;}], &#34;tests/test_end_to_end.py::test_complex_layout_analysis[doc_sample0]&#34;: [{&#34;extras&#34;: [], &#34;result&#34;: &#34;Skipped&#34;, &#34;testId&#34;: &#34;tests/test_end_to_end.py::test_complex_layout_analysis[doc_sample0]::setup&#34;, &#34;duration&#34;: &#34;0 ms&#34;, &#34;resultsTableRow&#34;: [&#34;&lt;td class=\&#34;col-result\&#34;&gt;Skipped&lt;/td&gt;&#34;, &#34;&lt;td class=\&#34;col-testId\&#34;&gt;tests/test_end_to_end.py::test_complex_layout_analysis[doc_sample0]::setup&lt;/td&gt;&#34;, &#34;&lt;td class=\&#34;col-duration\&#34;&gt;0 ms&lt;/td&gt;&#34;, &#34;&lt;td class=\&#34;col-links\&#34;&gt;&lt;/td&gt;&#34;], &#34;log&#34;: &#34;(&amp;#x27;/Users/newmacbookpro/Developmet workspace/semantic-reader-backend/tests/test_end_to_end.py&amp;#x27;, 787, &amp;quot;Skipped: Engine initialization failed: No module named &amp;#x27;papermage&amp;#x27;&amp;quot;)\n&#34;}], &#34;tests/test_end_to_end.py::test_complex_layout_analysis[doc_sample1]&#34;: [{&#34;extras&#34;: [], &#34;result&#34;: &#34;Skipped&#34;, &#34;testId&#34;: &#34;tests/test_end_to_end.py::test_complex_layout_analysis[doc_sample1]::setup&#34;, &#34;duration&#34;: &#34;0 ms&#34;, &#34;resultsTableRow&#34;: [&#34;&lt;td class=\&#34;col-result\&#34;&gt;Skipped&lt;/td&gt;&#34;, &#34;&lt;td class=\&#34;col-testId\&#34;&gt;tests/test_end_to_end.py::test_complex_layout_analysis[doc_sample1]::setup&lt;/td&gt;&#34;, &#34;&lt;td class=\&#34;col-duration\&#34;&gt;0 ms&lt;/td&gt;&#34;, &#34;&lt;td class=\&#34;col-links\&#34;&gt;&lt;/td&gt;&#34;], &#34;log&#34;: &#34;(&amp;#x27;/Users/newmacbookpro/Developmet workspace/semantic-reader-backend/tests/test_end_to_end.py&amp;#x27;, 787, &amp;quot;Skipped: Engine initialization failed: No module named &amp;#x27;papermage&amp;#x27;&amp;quot;)\n&#34;}], &#34;tests/test_end_to_end.py::test_rtl_document_processing[doc_sample0]&#34;: [{&#34;extras&#34;: [], &#34;result&#34;: &#34;Skipped&#34;, &#34;testId&#34;: &#34;tests/test_end_to_end.py::test_rtl_document_processing[doc_sample0]::setup&#34;, &#34;duration&#34;: &#34;0 ms&#34;, &#34;resultsTableRow&#34;: [&#34;&lt;td class=\&#34;col-result\&#34;&gt;Skipped&lt;/td&gt;&#34;, &#34;&lt;td class=\&#34;col-testId\&#34;&gt;tests/test_end_to_end.py::test_rtl_document_processing[doc_sample0]::setup&lt;/td&gt;&#34;, &#34;&lt;td class=\&#34;col-duration\&#34;&gt;0 ms&lt;/td&gt;&#34;, &#34;&lt;td class=\&#34;col-links\&#34;&gt;&lt;/td&gt;&#34;], &#34;log&#34;: &#34;(&amp;#x27;/Users/newmacbookpro/Developmet workspace/semantic-reader-backend/tests/test_end_to_end.py&amp;#x27;, 977, &amp;quot;Skipped: Engine initialization failed: No module named &amp;#x27;papermage&amp;#x27;&amp;quot;)\n&#34;}], &#34;tests/test_end_to_end.py::test_rtl_document_processing[doc_sample1]&#34;: [{&#34;extras&#34;: [], &#34;result&#34;: &#34;Skipped&#34;, &#34;testId&#34;: &#34;tests/test_end_to_end.py::test_rtl_document_processing[doc_sample1]::setup&#34;, &#34;duration&#34;: &#34;1 ms&#34;, &#34;resultsTableRow&#34;: [&#34;&lt;td class=\&#34;col-result\&#34;&gt;Skipped&lt;/td&gt;&#34;, &#34;&lt;td class=\&#34;col-testId\&#34;&gt;tests/test_end_to_end.py::test_rtl_document_processing[doc_sample1]::setup&lt;/td&gt;&#34;, &#34;&lt;td class=\&#34;col-duration\&#34;&gt;1 ms&lt;/td&gt;&#34;, &#34;&lt;td class=\&#34;col-links\&#34;&gt;&lt;/td&gt;&#34;], &#34;log&#34;: &#34;(&amp;#x27;/Users/newmacbookpro/Developmet workspace/semantic-reader-backend/tests/test_end_to_end.py&amp;#x27;, 977, &amp;quot;Skipped: Engine initialization failed: No module named &amp;#x27;papermage&amp;#x27;&amp;quot;)\n&#34;}], &#34;tests/test_end_to_end.py::test_performance_and_scale[doc_sample0]&#34;: [{&#34;extras&#34;: [], &#34;result&#34;: &#34;Skipped&#34;, &#34;testId&#34;: &#34;tests/test_end_to_end.py::test_performance_and_scale[doc_sample0]::setup&#34;, &#34;duration&#34;: &#34;1 ms&#34;, &#34;resultsTableRow&#34;: [&#34;&lt;td class=\&#34;col-result\&#34;&gt;Skipped&lt;/td&gt;&#34;, &#34;&lt;td class=\&#34;col-testId\&#34;&gt;tests/test_end_to_end.py::test_performance_and_scale[doc_sample0]::setup&lt;/td&gt;&#34;, &#34;&lt;td class=\&#34;col-duration\&#34;&gt;1 ms&lt;/td&gt;&#34;, &#34;&lt;td class=\&#34;col-links\&#34;&gt;&lt;/td&gt;&#34;], &#34;log&#34;: &#34;(&amp;#x27;/Users/newmacbookpro/Developmet workspace/semantic-reader-backend/tests/test_end_to_end.py&amp;#x27;, 1168, &amp;quot;Skipped: Engine initialization failed: No module named &amp;#x27;papermage&amp;#x27;&amp;quot;)\n&#34;}], &#34;tests/test_parsers/test_docling_pdf_parser.py::TestDoclingPdfParser::test_initialization_custom_settings&#34;: [{&#34;extras&#34;: [], &#34;result&#34;: &#34;Passed&#34;, &#34;testId&#34;: &#34;tests/test_parsers/test_docling_pdf_parser.py::TestDoclingPdfParser::test_initialization_custom_settings&#34;, &#34;duration&#34;: &#34;2 ms&#34;, &#34;resultsTableRow&#34;: [&#34;&lt;td class=\&#34;col-result\&#34;&gt;Passed&lt;/td&gt;&#34;, &#34;&lt;td class=\&#34;col-testId\&#34;&gt;tests/test_parsers/test_docling_pdf_parser.py::TestDoclingPdfParser::test_initialization_custom_settings&lt;/td&gt;&#34;, &#34;&lt;td class=\&#34;col-duration\&#34;&gt;2 ms&lt;/td&gt;&#34;, &#34;&lt;td class=\&#34;col-links\&#34;&gt;&lt;/td&gt;&#34;], &#34;log&#34;: &#34;No log output captured.&#34;}], &#34;tests/test_parsers/test_docling_pdf_parser.py::TestDoclingPdfParser::test_initialization_default_settings&#34;: [{&#34;extras&#34;: [], &#34;result&#34;: &#34;Passed&#34;, &#34;testId&#34;: &#34;tests/test_parsers/test_docling_pdf_parser.py::TestDoclingPdfParser::test_initialization_default_settings&#34;, &#34;duration&#34;: &#34;1 ms&#34;, &#34;resultsTableRow&#34;: [&#34;&lt;td class=\&#34;col-result\&#34;&gt;Passed&lt;/td&gt;&#34;, &#34;&lt;td class=\&#34;col-testId\&#34;&gt;tests/test_parsers/test_docling_pdf_parser.py::TestDoclingPdfParser::test_initialization_default_settings&lt;/td&gt;&#34;, &#34;&lt;td class=\&#34;col-duration\&#34;&gt;1 ms&lt;/td&gt;&#34;, &#34;&lt;td class=\&#34;col-links\&#34;&gt;&lt;/td&gt;&#34;], &#34;log&#34;: &#34;No log output captured.&#34;}], &#34;tests/test_parsers/test_docling_pdf_parser.py::TestDoclingPdfParser::test_initialization_error_handling&#34;: [{&#34;extras&#34;: [], &#34;result&#34;: &#34;Passed&#34;, &#34;testId&#34;: &#34;tests/test_parsers/test_docling_pdf_parser.py::TestDoclingPdfParser::test_initialization_error_handling&#34;, &#34;duration&#34;: &#34;1 ms&#34;, &#34;resultsTableRow&#34;: [&#34;&lt;td class=\&#34;col-result\&#34;&gt;Passed&lt;/td&gt;&#34;, &#34;&lt;td class=\&#34;col-testId\&#34;&gt;tests/test_parsers/test_docling_pdf_parser.py::TestDoclingPdfParser::test_initialization_error_handling&lt;/td&gt;&#34;, &#34;&lt;td class=\&#34;col-duration\&#34;&gt;1 ms&lt;/td&gt;&#34;, &#34;&lt;td class=\&#34;col-links\&#34;&gt;&lt;/td&gt;&#34;], &#34;log&#34;: &#34;------------------------------ Captured log call -------------------------------\nERROR    papermage_docling.parsers.docling_pdf_parser:docling_pdf_parser.py:105 Failed to initialize Docling PDF parser: Test error\n\n&#34;}], &#34;tests/test_parsers/test_docling_pdf_parser.py::TestDoclingPdfParser::test_parse_docling_format&#34;: [{&#34;extras&#34;: [], &#34;result&#34;: &#34;Passed&#34;, &#34;testId&#34;: &#34;tests/test_parsers/test_docling_pdf_parser.py::TestDoclingPdfParser::test_parse_docling_format&#34;, &#34;duration&#34;: &#34;5 ms&#34;, &#34;resultsTableRow&#34;: [&#34;&lt;td class=\&#34;col-result\&#34;&gt;Passed&lt;/td&gt;&#34;, &#34;&lt;td class=\&#34;col-testId\&#34;&gt;tests/test_parsers/test_docling_pdf_parser.py::TestDoclingPdfParser::test_parse_docling_format&lt;/td&gt;&#34;, &#34;&lt;td class=\&#34;col-duration\&#34;&gt;5 ms&lt;/td&gt;&#34;, &#34;&lt;td class=\&#34;col-links\&#34;&gt;&lt;/td&gt;&#34;], &#34;log&#34;: &#34;No log output captured.&#34;}], &#34;tests/test_parsers/test_docling_pdf_parser.py::TestDoclingPdfParser::test_parse_error_handling&#34;: [{&#34;extras&#34;: [], &#34;result&#34;: &#34;Passed&#34;, &#34;testId&#34;: &#34;tests/test_parsers/test_docling_pdf_parser.py::TestDoclingPdfParser::test_parse_error_handling&#34;, &#34;duration&#34;: &#34;1 ms&#34;, &#34;resultsTableRow&#34;: [&#34;&lt;td class=\&#34;col-result\&#34;&gt;Passed&lt;/td&gt;&#34;, &#34;&lt;td class=\&#34;col-testId\&#34;&gt;tests/test_parsers/test_docling_pdf_parser.py::TestDoclingPdfParser::test_parse_error_handling&lt;/td&gt;&#34;, &#34;&lt;td class=\&#34;col-duration\&#34;&gt;1 ms&lt;/td&gt;&#34;, &#34;&lt;td class=\&#34;col-links\&#34;&gt;&lt;/td&gt;&#34;], &#34;log&#34;: &#34;------------------------------ Captured log call -------------------------------\nERROR    papermage_docling.parsers.docling_pdf_parser:docling_pdf_parser.py:179 Failed to parse PDF: Parsing error\n\n&#34;}], &#34;tests/test_parsers/test_docling_pdf_parser.py::TestDoclingPdfParser::test_parse_invalid_format&#34;: [{&#34;extras&#34;: [], &#34;result&#34;: &#34;Passed&#34;, &#34;testId&#34;: &#34;tests/test_parsers/test_docling_pdf_parser.py::TestDoclingPdfParser::test_parse_invalid_format&#34;, &#34;duration&#34;: &#34;5 ms&#34;, &#34;resultsTableRow&#34;: [&#34;&lt;td class=\&#34;col-result\&#34;&gt;Passed&lt;/td&gt;&#34;, &#34;&lt;td class=\&#34;col-testId\&#34;&gt;tests/test_parsers/test_docling_pdf_parser.py::TestDoclingPdfParser::test_parse_invalid_format&lt;/td&gt;&#34;, &#34;&lt;td class=\&#34;col-duration\&#34;&gt;5 ms&lt;/td&gt;&#34;, &#34;&lt;td class=\&#34;col-links\&#34;&gt;&lt;/td&gt;&#34;], &#34;log&#34;: &#34;------------------------------ Captured log call -------------------------------\nERROR    papermage_docling.parsers.docling_pdf_parser:docling_pdf_parser.py:240 Invalid output format: invalid. Supported formats: &amp;#x27;docling&amp;#x27;, &amp;#x27;papermage&amp;#x27;\n\n&#34;}], &#34;tests/test_parsers/test_docling_pdf_parser.py::TestDoclingPdfParser::test_parse_papermage_format&#34;: [{&#34;extras&#34;: [], &#34;result&#34;: &#34;Passed&#34;, &#34;testId&#34;: &#34;tests/test_parsers/test_docling_pdf_parser.py::TestDoclingPdfParser::test_parse_papermage_format&#34;, &#34;duration&#34;: &#34;5 ms&#34;, &#34;resultsTableRow&#34;: [&#34;&lt;td class=\&#34;col-result\&#34;&gt;Passed&lt;/td&gt;&#34;, &#34;&lt;td class=\&#34;col-testId\&#34;&gt;tests/test_parsers/test_docling_pdf_parser.py::TestDoclingPdfParser::test_parse_papermage_format&lt;/td&gt;&#34;, &#34;&lt;td class=\&#34;col-duration\&#34;&gt;5 ms&lt;/td&gt;&#34;, &#34;&lt;td class=\&#34;col-links\&#34;&gt;&lt;/td&gt;&#34;], &#34;log&#34;: &#34;No log output captured.&#34;}], &#34;tests/test_parsers/test_docling_pdf_parser.py::TestDoclingPdfParser::test_rtl_processing_called&#34;: [{&#34;extras&#34;: [], &#34;result&#34;: &#34;Passed&#34;, &#34;testId&#34;: &#34;tests/test_parsers/test_docling_pdf_parser.py::TestDoclingPdfParser::test_rtl_processing_called&#34;, &#34;duration&#34;: &#34;3 ms&#34;, &#34;resultsTableRow&#34;: [&#34;&lt;td class=\&#34;col-result\&#34;&gt;Passed&lt;/td&gt;&#34;, &#34;&lt;td class=\&#34;col-testId\&#34;&gt;tests/test_parsers/test_docling_pdf_parser.py::TestDoclingPdfParser::test_rtl_processing_called&lt;/td&gt;&#34;, &#34;&lt;td class=\&#34;col-duration\&#34;&gt;3 ms&lt;/td&gt;&#34;, &#34;&lt;td class=\&#34;col-links\&#34;&gt;&lt;/td&gt;&#34;], &#34;log&#34;: &#34;No log output captured.&#34;}], &#34;tests/test_parsers/test_docling_pdf_parser.py::TestDoclingPdfParser::test_rtl_processing_error_handling&#34;: [{&#34;extras&#34;: [], &#34;result&#34;: &#34;Passed&#34;, &#34;testId&#34;: &#34;tests/test_parsers/test_docling_pdf_parser.py::TestDoclingPdfParser::test_rtl_processing_error_handling&#34;, &#34;duration&#34;: &#34;4 ms&#34;, &#34;resultsTableRow&#34;: [&#34;&lt;td class=\&#34;col-result\&#34;&gt;Passed&lt;/td&gt;&#34;, &#34;&lt;td class=\&#34;col-testId\&#34;&gt;tests/test_parsers/test_docling_pdf_parser.py::TestDoclingPdfParser::test_rtl_processing_error_handling&lt;/td&gt;&#34;, &#34;&lt;td class=\&#34;col-duration\&#34;&gt;4 ms&lt;/td&gt;&#34;, &#34;&lt;td class=\&#34;col-links\&#34;&gt;&lt;/td&gt;&#34;], &#34;log&#34;: &#34;------------------------------ Captured log call -------------------------------\nWARNING  papermage_docling.parsers.docling_pdf_parser:docling_pdf_parser.py:223 RTL processing failed: RTL error. Continuing with unprocessed text.\n\n&#34;}], &#34;tests/test_parsers/test_docling_pdf_parser.py::TestDoclingPdfParser::test_rtl_processing_skipped&#34;: [{&#34;extras&#34;: [], &#34;result&#34;: &#34;Passed&#34;, &#34;testId&#34;: &#34;tests/test_parsers/test_docling_pdf_parser.py::TestDoclingPdfParser::test_rtl_processing_skipped&#34;, &#34;duration&#34;: &#34;3 ms&#34;, &#34;resultsTableRow&#34;: [&#34;&lt;td class=\&#34;col-result\&#34;&gt;Passed&lt;/td&gt;&#34;, &#34;&lt;td class=\&#34;col-testId\&#34;&gt;tests/test_parsers/test_docling_pdf_parser.py::TestDoclingPdfParser::test_rtl_processing_skipped&lt;/td&gt;&#34;, &#34;&lt;td class=\&#34;col-duration\&#34;&gt;3 ms&lt;/td&gt;&#34;, &#34;&lt;td class=\&#34;col-links\&#34;&gt;&lt;/td&gt;&#34;], &#34;log&#34;: &#34;No log output captured.&#34;}], &#34;tests/test_parsers/test_docling_pdf_parser.py::TestDoclingPdfParser::test_validate_pdf_path_file_not_found&#34;: [{&#34;extras&#34;: [], &#34;result&#34;: &#34;Passed&#34;, &#34;testId&#34;: &#34;tests/test_parsers/test_docling_pdf_parser.py::TestDoclingPdfParser::test_validate_pdf_path_file_not_found&#34;, &#34;duration&#34;: &#34;83 ms&#34;, &#34;resultsTableRow&#34;: [&#34;&lt;td class=\&#34;col-result\&#34;&gt;Passed&lt;/td&gt;&#34;, &#34;&lt;td class=\&#34;col-testId\&#34;&gt;tests/test_parsers/test_docling_pdf_parser.py::TestDoclingPdfParser::test_validate_pdf_path_file_not_found&lt;/td&gt;&#34;, &#34;&lt;td class=\&#34;col-duration\&#34;&gt;83 ms&lt;/td&gt;&#34;, &#34;&lt;td class=\&#34;col-links\&#34;&gt;&lt;/td&gt;&#34;], &#34;log&#34;: &#34;No log output captured.&#34;}], &#34;tests/test_parsers/test_docling_pdf_parser.py::TestDoclingPdfParser::test_validate_pdf_path_invalid_input&#34;: [{&#34;extras&#34;: [], &#34;result&#34;: &#34;Passed&#34;, &#34;testId&#34;: &#34;tests/test_parsers/test_docling_pdf_parser.py::TestDoclingPdfParser::test_validate_pdf_path_invalid_input&#34;, &#34;duration&#34;: &#34;0 ms&#34;, &#34;resultsTableRow&#34;: [&#34;&lt;td class=\&#34;col-result\&#34;&gt;Passed&lt;/td&gt;&#34;, &#34;&lt;td class=\&#34;col-testId\&#34;&gt;tests/test_parsers/test_docling_pdf_parser.py::TestDoclingPdfParser::test_validate_pdf_path_invalid_input&lt;/td&gt;&#34;, &#34;&lt;td class=\&#34;col-duration\&#34;&gt;0 ms&lt;/td&gt;&#34;, &#34;&lt;td class=\&#34;col-links\&#34;&gt;&lt;/td&gt;&#34;], &#34;log&#34;: &#34;No log output captured.&#34;}], &#34;tests/test_parsers/test_docling_pdf_parser.py::TestDoclingPdfParser::test_validate_pdf_path_with_bytesio&#34;: [{&#34;extras&#34;: [], &#34;result&#34;: &#34;Passed&#34;, &#34;testId&#34;: &#34;tests/test_parsers/test_docling_pdf_parser.py::TestDoclingPdfParser::test_validate_pdf_path_with_bytesio&#34;, &#34;duration&#34;: &#34;0 ms&#34;, &#34;resultsTableRow&#34;: [&#34;&lt;td class=\&#34;col-result\&#34;&gt;Passed&lt;/td&gt;&#34;, &#34;&lt;td class=\&#34;col-testId\&#34;&gt;tests/test_parsers/test_docling_pdf_parser.py::TestDoclingPdfParser::test_validate_pdf_path_with_bytesio&lt;/td&gt;&#34;, &#34;&lt;td class=\&#34;col-duration\&#34;&gt;0 ms&lt;/td&gt;&#34;, &#34;&lt;td class=\&#34;col-links\&#34;&gt;&lt;/td&gt;&#34;], &#34;log&#34;: &#34;No log output captured.&#34;}], &#34;tests/test_parsers/test_docling_pdf_parser.py::TestDoclingPdfParser::test_validate_pdf_path_with_path_object&#34;: [{&#34;extras&#34;: [], &#34;result&#34;: &#34;Passed&#34;, &#34;testId&#34;: &#34;tests/test_parsers/test_docling_pdf_parser.py::TestDoclingPdfParser::test_validate_pdf_path_with_path_object&#34;, &#34;duration&#34;: &#34;1 ms&#34;, &#34;resultsTableRow&#34;: [&#34;&lt;td class=\&#34;col-result\&#34;&gt;Passed&lt;/td&gt;&#34;, &#34;&lt;td class=\&#34;col-testId\&#34;&gt;tests/test_parsers/test_docling_pdf_parser.py::TestDoclingPdfParser::test_validate_pdf_path_with_path_object&lt;/td&gt;&#34;, &#34;&lt;td class=\&#34;col-duration\&#34;&gt;1 ms&lt;/td&gt;&#34;, &#34;&lt;td class=\&#34;col-links\&#34;&gt;&lt;/td&gt;&#34;], &#34;log&#34;: &#34;No log output captured.&#34;}], &#34;tests/test_parsers/test_docling_pdf_parser.py::TestDoclingPdfParser::test_validate_pdf_path_with_string&#34;: [{&#34;extras&#34;: [], &#34;result&#34;: &#34;Passed&#34;, &#34;testId&#34;: &#34;tests/test_parsers/test_docling_pdf_parser.py::TestDoclingPdfParser::test_validate_pdf_path_with_string&#34;, &#34;duration&#34;: &#34;1 ms&#34;, &#34;resultsTableRow&#34;: [&#34;&lt;td class=\&#34;col-result\&#34;&gt;Passed&lt;/td&gt;&#34;, &#34;&lt;td class=\&#34;col-testId\&#34;&gt;tests/test_parsers/test_docling_pdf_parser.py::TestDoclingPdfParser::test_validate_pdf_path_with_string&lt;/td&gt;&#34;, &#34;&lt;td class=\&#34;col-duration\&#34;&gt;1 ms&lt;/td&gt;&#34;, &#34;&lt;td class=\&#34;col-links\&#34;&gt;&lt;/td&gt;&#34;], &#34;log&#34;: &#34;No log output captured.&#34;}], &#34;tests/test_parsers/test_docling_pdf_parser.py::TestDoclingPdfParserIntegration::test_integration_case_insensitive_format&#34;: [{&#34;extras&#34;: [], &#34;result&#34;: &#34;Passed&#34;, &#34;testId&#34;: &#34;tests/test_parsers/test_docling_pdf_parser.py::TestDoclingPdfParserIntegration::test_integration_case_insensitive_format&#34;, &#34;duration&#34;: &#34;4 ms&#34;, &#34;resultsTableRow&#34;: [&#34;&lt;td class=\&#34;col-result\&#34;&gt;Passed&lt;/td&gt;&#34;, &#34;&lt;td class=\&#34;col-testId\&#34;&gt;tests/test_parsers/test_docling_pdf_parser.py::TestDoclingPdfParserIntegration::test_integration_case_insensitive_format&lt;/td&gt;&#34;, &#34;&lt;td class=\&#34;col-duration\&#34;&gt;4 ms&lt;/td&gt;&#34;, &#34;&lt;td class=\&#34;col-links\&#34;&gt;&lt;/td&gt;&#34;], &#34;log&#34;: &#34;No log output captured.&#34;}], &#34;tests/test_parsers/test_docling_pdf_parser.py::TestDoclingPdfParserIntegration::test_integration_docling_format&#34;: [{&#34;extras&#34;: [], &#34;result&#34;: &#34;Passed&#34;, &#34;testId&#34;: &#34;tests/test_parsers/test_docling_pdf_parser.py::TestDoclingPdfParserIntegration::test_integration_docling_format&#34;, &#34;duration&#34;: &#34;310 ms&#34;, &#34;resultsTableRow&#34;: [&#34;&lt;td class=\&#34;col-result\&#34;&gt;Passed&lt;/td&gt;&#34;, &#34;&lt;td class=\&#34;col-testId\&#34;&gt;tests/test_parsers/test_docling_pdf_parser.py::TestDoclingPdfParserIntegration::test_integration_docling_format&lt;/td&gt;&#34;, &#34;&lt;td class=\&#34;col-duration\&#34;&gt;310 ms&lt;/td&gt;&#34;, &#34;&lt;td class=\&#34;col-links\&#34;&gt;&lt;/td&gt;&#34;], &#34;log&#34;: &#34;No log output captured.&#34;}], &#34;tests/test_parsers/test_docling_pdf_parser.py::TestDoclingPdfParserIntegration::test_integration_papermage_format&#34;: [{&#34;extras&#34;: [], &#34;result&#34;: &#34;Passed&#34;, &#34;testId&#34;: &#34;tests/test_parsers/test_docling_pdf_parser.py::TestDoclingPdfParserIntegration::test_integration_papermage_format&#34;, &#34;duration&#34;: &#34;5 ms&#34;, &#34;resultsTableRow&#34;: [&#34;&lt;td class=\&#34;col-result\&#34;&gt;Passed&lt;/td&gt;&#34;, &#34;&lt;td class=\&#34;col-testId\&#34;&gt;tests/test_parsers/test_docling_pdf_parser.py::TestDoclingPdfParserIntegration::test_integration_papermage_format&lt;/td&gt;&#34;, &#34;&lt;td class=\&#34;col-duration\&#34;&gt;5 ms&lt;/td&gt;&#34;, &#34;&lt;td class=\&#34;col-links\&#34;&gt;&lt;/td&gt;&#34;], &#34;log&#34;: &#34;No log output captured.&#34;}], &#34;tests/test_parsers/test_docling_pdf_parser.py::TestDoclingPdfParserIntegration::test_parsing_with_kwargs&#34;: [{&#34;extras&#34;: [], &#34;result&#34;: &#34;Passed&#34;, &#34;testId&#34;: &#34;tests/test_parsers/test_docling_pdf_parser.py::TestDoclingPdfParserIntegration::test_parsing_with_kwargs&#34;, &#34;duration&#34;: &#34;4 ms&#34;, &#34;resultsTableRow&#34;: [&#34;&lt;td class=\&#34;col-result\&#34;&gt;Passed&lt;/td&gt;&#34;, &#34;&lt;td class=\&#34;col-testId\&#34;&gt;tests/test_parsers/test_docling_pdf_parser.py::TestDoclingPdfParserIntegration::test_parsing_with_kwargs&lt;/td&gt;&#34;, &#34;&lt;td class=\&#34;col-duration\&#34;&gt;4 ms&lt;/td&gt;&#34;, &#34;&lt;td class=\&#34;col-links\&#34;&gt;&lt;/td&gt;&#34;], &#34;log&#34;: &#34;No log output captured.&#34;}], &#34;tests/test_parsers/test_docling_pdf_parser.py::TestDocumentationExamples::test_docling_format_example&#34;: [{&#34;extras&#34;: [], &#34;result&#34;: &#34;Passed&#34;, &#34;testId&#34;: &#34;tests/test_parsers/test_docling_pdf_parser.py::TestDocumentationExamples::test_docling_format_example&#34;, &#34;duration&#34;: &#34;5 ms&#34;, &#34;resultsTableRow&#34;: [&#34;&lt;td class=\&#34;col-result\&#34;&gt;Passed&lt;/td&gt;&#34;, &#34;&lt;td class=\&#34;col-testId\&#34;&gt;tests/test_parsers/test_docling_pdf_parser.py::TestDocumentationExamples::test_docling_format_example&lt;/td&gt;&#34;, &#34;&lt;td class=\&#34;col-duration\&#34;&gt;5 ms&lt;/td&gt;&#34;, &#34;&lt;td class=\&#34;col-links\&#34;&gt;&lt;/td&gt;&#34;], &#34;log&#34;: &#34;No log output captured.&#34;}], &#34;tests/test_parsers/test_docling_pdf_parser.py::TestDocumentationExamples::test_papermage_format_example&#34;: [{&#34;extras&#34;: [], &#34;result&#34;: &#34;Passed&#34;, &#34;testId&#34;: &#34;tests/test_parsers/test_docling_pdf_parser.py::TestDocumentationExamples::test_papermage_format_example&#34;, &#34;duration&#34;: &#34;3 ms&#34;, &#34;resultsTableRow&#34;: [&#34;&lt;td class=\&#34;col-result\&#34;&gt;Passed&lt;/td&gt;&#34;, &#34;&lt;td class=\&#34;col-testId\&#34;&gt;tests/test_parsers/test_docling_pdf_parser.py::TestDocumentationExamples::test_papermage_format_example&lt;/td&gt;&#34;, &#34;&lt;td class=\&#34;col-duration\&#34;&gt;3 ms&lt;/td&gt;&#34;, &#34;&lt;td class=\&#34;col-links\&#34;&gt;&lt;/td&gt;&#34;], &#34;log&#34;: &#34;No log output captured.&#34;}], &#34;tests/test_parsers/test_docling_pdf_parser.py::TestEdgeCases::test_binary_io_input&#34;: [{&#34;extras&#34;: [], &#34;result&#34;: &#34;Passed&#34;, &#34;testId&#34;: &#34;tests/test_parsers/test_docling_pdf_parser.py::TestEdgeCases::test_binary_io_input&#34;, &#34;duration&#34;: &#34;3 ms&#34;, &#34;resultsTableRow&#34;: [&#34;&lt;td class=\&#34;col-result\&#34;&gt;Passed&lt;/td&gt;&#34;, &#34;&lt;td class=\&#34;col-testId\&#34;&gt;tests/test_parsers/test_docling_pdf_parser.py::TestEdgeCases::test_binary_io_input&lt;/td&gt;&#34;, &#34;&lt;td class=\&#34;col-duration\&#34;&gt;3 ms&lt;/td&gt;&#34;, &#34;&lt;td class=\&#34;col-links\&#34;&gt;&lt;/td&gt;&#34;], &#34;log&#34;: &#34;No log output captured.&#34;}], &#34;tests/test_parsers/test_docling_pdf_parser.py::TestEdgeCases::test_conversion_error_handling&#34;: [{&#34;extras&#34;: [], &#34;result&#34;: &#34;Passed&#34;, &#34;testId&#34;: &#34;tests/test_parsers/test_docling_pdf_parser.py::TestEdgeCases::test_conversion_error_handling&#34;, &#34;duration&#34;: &#34;4 ms&#34;, &#34;resultsTableRow&#34;: [&#34;&lt;td class=\&#34;col-result\&#34;&gt;Passed&lt;/td&gt;&#34;, &#34;&lt;td class=\&#34;col-testId\&#34;&gt;tests/test_parsers/test_docling_pdf_parser.py::TestEdgeCases::test_conversion_error_handling&lt;/td&gt;&#34;, &#34;&lt;td class=\&#34;col-duration\&#34;&gt;4 ms&lt;/td&gt;&#34;, &#34;&lt;td class=\&#34;col-links\&#34;&gt;&lt;/td&gt;&#34;], &#34;log&#34;: &#34;------------------------------ Captured log call -------------------------------\nERROR    papermage_docling.parsers.docling_pdf_parser:docling_pdf_parser.py:236 Failed to convert to PaperMage format: Conversion error\n\n&#34;}], &#34;tests/test_parsers/test_docling_pdf_parser.py::TestEdgeCases::test_empty_pdf&#34;: [{&#34;extras&#34;: [], &#34;result&#34;: &#34;Passed&#34;, &#34;testId&#34;: &#34;tests/test_parsers/test_docling_pdf_parser.py::TestEdgeCases::test_empty_pdf&#34;, &#34;duration&#34;: &#34;3 ms&#34;, &#34;resultsTableRow&#34;: [&#34;&lt;td class=\&#34;col-result\&#34;&gt;Passed&lt;/td&gt;&#34;, &#34;&lt;td class=\&#34;col-testId\&#34;&gt;tests/test_parsers/test_docling_pdf_parser.py::TestEdgeCases::test_empty_pdf&lt;/td&gt;&#34;, &#34;&lt;td class=\&#34;col-duration\&#34;&gt;3 ms&lt;/td&gt;&#34;, &#34;&lt;td class=\&#34;col-links\&#34;&gt;&lt;/td&gt;&#34;], &#34;log&#34;: &#34;No log output captured.&#34;}], &#34;tests/test_parsers/test_docling_pdf_parser.py::TestEdgeCases::test_large_pdf_warning&#34;: [{&#34;extras&#34;: [], &#34;result&#34;: &#34;Passed&#34;, &#34;testId&#34;: &#34;tests/test_parsers/test_docling_pdf_parser.py::TestEdgeCases::test_large_pdf_warning&#34;, &#34;duration&#34;: &#34;215 ms&#34;, &#34;resultsTableRow&#34;: [&#34;&lt;td class=\&#34;col-result\&#34;&gt;Passed&lt;/td&gt;&#34;, &#34;&lt;td class=\&#34;col-testId\&#34;&gt;tests/test_parsers/test_docling_pdf_parser.py::TestEdgeCases::test_large_pdf_warning&lt;/td&gt;&#34;, &#34;&lt;td class=\&#34;col-duration\&#34;&gt;215 ms&lt;/td&gt;&#34;, &#34;&lt;td class=\&#34;col-links\&#34;&gt;&lt;/td&gt;&#34;], &#34;log&#34;: &#34;No log output captured.&#34;}], &#34;tests/test_parsers/test_docling_pdf_parser.py::TestSeparationOfConcerns::test_converter_only_called_at_output&#34;: [{&#34;extras&#34;: [], &#34;result&#34;: &#34;Passed&#34;, &#34;testId&#34;: &#34;tests/test_parsers/test_docling_pdf_parser.py::TestSeparationOfConcerns::test_converter_only_called_at_output&#34;, &#34;duration&#34;: &#34;4 ms&#34;, &#34;resultsTableRow&#34;: [&#34;&lt;td class=\&#34;col-result\&#34;&gt;Passed&lt;/td&gt;&#34;, &#34;&lt;td class=\&#34;col-testId\&#34;&gt;tests/test_parsers/test_docling_pdf_parser.py::TestSeparationOfConcerns::test_converter_only_called_at_output&lt;/td&gt;&#34;, &#34;&lt;td class=\&#34;col-duration\&#34;&gt;4 ms&lt;/td&gt;&#34;, &#34;&lt;td class=\&#34;col-links\&#34;&gt;&lt;/td&gt;&#34;], &#34;log&#34;: &#34;No log output captured.&#34;}], &#34;tests/test_parsers/test_docling_pdf_parser.py::TestSeparationOfConcerns::test_no_premature_conversion&#34;: [{&#34;extras&#34;: [], &#34;result&#34;: &#34;Passed&#34;, &#34;testId&#34;: &#34;tests/test_parsers/test_docling_pdf_parser.py::TestSeparationOfConcerns::test_no_premature_conversion&#34;, &#34;duration&#34;: &#34;3 ms&#34;, &#34;resultsTableRow&#34;: [&#34;&lt;td class=\&#34;col-result\&#34;&gt;Passed&lt;/td&gt;&#34;, &#34;&lt;td class=\&#34;col-testId\&#34;&gt;tests/test_parsers/test_docling_pdf_parser.py::TestSeparationOfConcerns::test_no_premature_conversion&lt;/td&gt;&#34;, &#34;&lt;td class=\&#34;col-duration\&#34;&gt;3 ms&lt;/td&gt;&#34;, &#34;&lt;td class=\&#34;col-links\&#34;&gt;&lt;/td&gt;&#34;], &#34;log&#34;: &#34;No log output captured.&#34;}], &#34;tests/test_parsers/test_docling_pdf_parser.py::TestSeparationOfConcerns::test_papermage_conversion_after_all_processing&#34;: [{&#34;extras&#34;: [], &#34;result&#34;: &#34;Passed&#34;, &#34;testId&#34;: &#34;tests/test_parsers/test_docling_pdf_parser.py::TestSeparationOfConcerns::test_papermage_conversion_after_all_processing&#34;, &#34;duration&#34;: &#34;4 ms&#34;, &#34;resultsTableRow&#34;: [&#34;&lt;td class=\&#34;col-result\&#34;&gt;Passed&lt;/td&gt;&#34;, &#34;&lt;td class=\&#34;col-testId\&#34;&gt;tests/test_parsers/test_docling_pdf_parser.py::TestSeparationOfConcerns::test_papermage_conversion_after_all_processing&lt;/td&gt;&#34;, &#34;&lt;td class=\&#34;col-duration\&#34;&gt;4 ms&lt;/td&gt;&#34;, &#34;&lt;td class=\&#34;col-links\&#34;&gt;&lt;/td&gt;&#34;], &#34;log&#34;: &#34;No log output captured.&#34;}], &#34;tests/test_parsers/test_docling_pdf_parser.py::TestSeparationOfConcerns::test_rtl_processing_uses_docling_structures&#34;: [{&#34;extras&#34;: [], &#34;result&#34;: &#34;Passed&#34;, &#34;testId&#34;: &#34;tests/test_parsers/test_docling_pdf_parser.py::TestSeparationOfConcerns::test_rtl_processing_uses_docling_structures&#34;, &#34;duration&#34;: &#34;3 ms&#34;, &#34;resultsTableRow&#34;: [&#34;&lt;td class=\&#34;col-result\&#34;&gt;Passed&lt;/td&gt;&#34;, &#34;&lt;td class=\&#34;col-testId\&#34;&gt;tests/test_parsers/test_docling_pdf_parser.py::TestSeparationOfConcerns::test_rtl_processing_uses_docling_structures&lt;/td&gt;&#34;, &#34;&lt;td class=\&#34;col-duration\&#34;&gt;3 ms&lt;/td&gt;&#34;, &#34;&lt;td class=\&#34;col-links\&#34;&gt;&lt;/td&gt;&#34;], &#34;log&#34;: &#34;No log output captured.&#34;}], &#34;tests/test_parsers/test_rtl_integration.py::TestRtlIntegration::test_mixed_language_document&#34;: [{&#34;extras&#34;: [], &#34;result&#34;: &#34;Passed&#34;, &#34;testId&#34;: &#34;tests/test_parsers/test_rtl_integration.py::TestRtlIntegration::test_mixed_language_document&#34;, &#34;duration&#34;: &#34;6 ms&#34;, &#34;resultsTableRow&#34;: [&#34;&lt;td class=\&#34;col-result\&#34;&gt;Passed&lt;/td&gt;&#34;, &#34;&lt;td class=\&#34;col-testId\&#34;&gt;tests/test_parsers/test_rtl_integration.py::TestRtlIntegration::test_mixed_language_document&lt;/td&gt;&#34;, &#34;&lt;td class=\&#34;col-duration\&#34;&gt;6 ms&lt;/td&gt;&#34;, &#34;&lt;td class=\&#34;col-links\&#34;&gt;&lt;/td&gt;&#34;], &#34;log&#34;: &#34;No log output captured.&#34;}], &#34;tests/test_parsers/test_rtl_integration.py::TestRtlIntegration::test_rtl_disabled&#34;: [{&#34;extras&#34;: [], &#34;result&#34;: &#34;Passed&#34;, &#34;testId&#34;: &#34;tests/test_parsers/test_rtl_integration.py::TestRtlIntegration::test_rtl_disabled&#34;, &#34;duration&#34;: &#34;2 ms&#34;, &#34;resultsTableRow&#34;: [&#34;&lt;td class=\&#34;col-result\&#34;&gt;Passed&lt;/td&gt;&#34;, &#34;&lt;td class=\&#34;col-testId\&#34;&gt;tests/test_parsers/test_rtl_integration.py::TestRtlIntegration::test_rtl_disabled&lt;/td&gt;&#34;, &#34;&lt;td class=\&#34;col-duration\&#34;&gt;2 ms&lt;/td&gt;&#34;, &#34;&lt;td class=\&#34;col-links\&#34;&gt;&lt;/td&gt;&#34;], &#34;log&#34;: &#34;No log output captured.&#34;}], &#34;tests/test_parsers/test_rtl_integration.py::TestRtlIntegration::test_rtl_processing_pipeline&#34;: [{&#34;extras&#34;: [], &#34;result&#34;: &#34;Passed&#34;, &#34;testId&#34;: &#34;tests/test_parsers/test_rtl_integration.py::TestRtlIntegration::test_rtl_processing_pipeline&#34;, &#34;duration&#34;: &#34;6 ms&#34;, &#34;resultsTableRow&#34;: [&#34;&lt;td class=\&#34;col-result\&#34;&gt;Passed&lt;/td&gt;&#34;, &#34;&lt;td class=\&#34;col-testId\&#34;&gt;tests/test_parsers/test_rtl_integration.py::TestRtlIntegration::test_rtl_processing_pipeline&lt;/td&gt;&#34;, &#34;&lt;td class=\&#34;col-duration\&#34;&gt;6 ms&lt;/td&gt;&#34;, &#34;&lt;td class=\&#34;col-links\&#34;&gt;&lt;/td&gt;&#34;], &#34;log&#34;: &#34;No log output captured.&#34;}], &#34;tests/test_predictors/test_structure_predictor.py::TestStructurePredictor::test_docling_pipeline&#34;: [{&#34;extras&#34;: [], &#34;result&#34;: &#34;Passed&#34;, &#34;testId&#34;: &#34;tests/test_predictors/test_structure_predictor.py::TestStructurePredictor::test_docling_pipeline&#34;, &#34;duration&#34;: &#34;2 ms&#34;, &#34;resultsTableRow&#34;: [&#34;&lt;td class=\&#34;col-result\&#34;&gt;Passed&lt;/td&gt;&#34;, &#34;&lt;td class=\&#34;col-testId\&#34;&gt;tests/test_predictors/test_structure_predictor.py::TestStructurePredictor::test_docling_pipeline&lt;/td&gt;&#34;, &#34;&lt;td class=\&#34;col-duration\&#34;&gt;2 ms&lt;/td&gt;&#34;, &#34;&lt;td class=\&#34;col-links\&#34;&gt;&lt;/td&gt;&#34;], &#34;log&#34;: &#34;------------------------------ Captured log call -------------------------------\nERROR    papermage_docling.predictors.structure_predictor:structure_predictor.py:127 Failed to initialize docling models: LayoutModel.__init__() got an unexpected keyword argument &amp;#x27;confidence_threshold&amp;#x27;\n\n&#34;}], &#34;tests/test_predictors/test_structure_predictor.py::TestStructurePredictor::test_extract_headings&#34;: [{&#34;extras&#34;: [], &#34;result&#34;: &#34;Failed&#34;, &#34;testId&#34;: &#34;tests/test_predictors/test_structure_predictor.py::TestStructurePredictor::test_extract_headings&#34;, &#34;duration&#34;: &#34;2 ms&#34;, &#34;resultsTableRow&#34;: [&#34;&lt;td class=\&#34;col-result\&#34;&gt;Failed&lt;/td&gt;&#34;, &#34;&lt;td class=\&#34;col-testId\&#34;&gt;tests/test_predictors/test_structure_predictor.py::TestStructurePredictor::test_extract_headings&lt;/td&gt;&#34;, &#34;&lt;td class=\&#34;col-duration\&#34;&gt;2 ms&lt;/td&gt;&#34;, &#34;&lt;td class=\&#34;col-links\&#34;&gt;&lt;/td&gt;&#34;], &#34;log&#34;: &#34;self = &amp;lt;test_structure_predictor.TestStructurePredictor testMethod=test_extract_headings&amp;gt;\n\n    def test_extract_headings(self):\n        &amp;quot;&amp;quot;&amp;quot;Test heading extraction from page.&amp;quot;&amp;quot;&amp;quot;\n        predictor = StructurePredictor()\n    \n        # Create mock page with headings\n        mock_page = MagicMock()\n        mock_page.lines = [\n            MagicMock(text=&amp;quot;Document Title&amp;quot;),  # Title\n            MagicMock(text=&amp;quot;&amp;quot;),  # Empty line\n            MagicMock(text=&amp;quot;Abstract&amp;quot;),  # Level 1 heading\n            MagicMock(text=&amp;quot;This is the abstract.&amp;quot;),  # Content\n            MagicMock(text=&amp;quot;&amp;quot;),  # Empty line\n            MagicMock(text=&amp;quot;1. Introduction&amp;quot;),  # Level 1 heading\n            MagicMock(text=&amp;quot;This is the introduction.&amp;quot;),  # Content\n            MagicMock(text=&amp;quot;&amp;quot;),  # Empty line\n            MagicMock(text=&amp;quot;2.1 Background&amp;quot;),  # Level 2 heading\n        ]\n    \n        headings = predictor._extract_headings(mock_page)\n    \n        # Should find three headings\n        self.assertEqual(len(headings), 3)\n        self.assertEqual(headings[0][&amp;#x27;text&amp;#x27;], &amp;quot;Abstract&amp;quot;)\n        self.assertEqual(headings[0][&amp;#x27;level&amp;#x27;], 1)\n        self.assertEqual(headings[1][&amp;#x27;text&amp;#x27;], &amp;quot;1. Introduction&amp;quot;)\n&amp;gt;       self.assertEqual(headings[1][&amp;#x27;level&amp;#x27;], 1)\nE       AssertionError: 2 != 1\n\ntests/test_predictors/test_structure_predictor.py:135: AssertionError\n\n------------------------------ Captured log call -------------------------------\nERROR    papermage_docling.predictors.structure_predictor:structure_predictor.py:127 Failed to initialize docling models: LayoutModel.__init__() got an unexpected keyword argument &amp;#x27;confidence_threshold&amp;#x27;\nERROR    papermage_docling.predictors.structure_predictor:structure_predictor.py:139 Failed to initialize docling Pipeline: SimplePipeline.__init__() missing 1 required positional argument: &amp;#x27;pipeline_options&amp;#x27;\n\n&#34;}], &#34;tests/test_predictors/test_structure_predictor.py::TestStructurePredictor::test_extract_paragraphs&#34;: [{&#34;extras&#34;: [], &#34;result&#34;: &#34;Failed&#34;, &#34;testId&#34;: &#34;tests/test_predictors/test_structure_predictor.py::TestStructurePredictor::test_extract_paragraphs&#34;, &#34;duration&#34;: &#34;2 ms&#34;, &#34;resultsTableRow&#34;: [&#34;&lt;td class=\&#34;col-result\&#34;&gt;Failed&lt;/td&gt;&#34;, &#34;&lt;td class=\&#34;col-testId\&#34;&gt;tests/test_predictors/test_structure_predictor.py::TestStructurePredictor::test_extract_paragraphs&lt;/td&gt;&#34;, &#34;&lt;td class=\&#34;col-duration\&#34;&gt;2 ms&lt;/td&gt;&#34;, &#34;&lt;td class=\&#34;col-links\&#34;&gt;&lt;/td&gt;&#34;], &#34;log&#34;: &#34;self = &amp;lt;test_structure_predictor.TestStructurePredictor testMethod=test_extract_paragraphs&amp;gt;\n\n    def test_extract_paragraphs(self):\n        &amp;quot;&amp;quot;&amp;quot;Test paragraph extraction from page.&amp;quot;&amp;quot;&amp;quot;\n        predictor = StructurePredictor()\n    \n        # Create mock page with paragraphs\n        mock_page = MagicMock()\n        mock_page.lines = [\n            MagicMock(text=&amp;quot;Document Title&amp;quot;),  # Title\n            MagicMock(text=&amp;quot;&amp;quot;),  # Empty line\n            MagicMock(text=&amp;quot;This is paragraph 1, line 1.&amp;quot;),  # Paragraph 1, line 1\n            MagicMock(text=&amp;quot;This is paragraph 1, line 2.&amp;quot;),  # Paragraph 1, line 2\n            MagicMock(text=&amp;quot;&amp;quot;),  # Empty line\n            MagicMock(text=&amp;quot;This is paragraph 2.&amp;quot;),  # Paragraph 2\n        ]\n    \n        paragraphs = predictor._extract_paragraphs(mock_page)\n    \n        # Should find two paragraphs\n&amp;gt;       self.assertEqual(len(paragraphs), 2)\nE       AssertionError: 3 != 2\n\ntests/test_predictors/test_structure_predictor.py:105: AssertionError\n\n------------------------------ Captured log call -------------------------------\nERROR    papermage_docling.predictors.structure_predictor:structure_predictor.py:127 Failed to initialize docling models: LayoutModel.__init__() got an unexpected keyword argument &amp;#x27;confidence_threshold&amp;#x27;\nERROR    papermage_docling.predictors.structure_predictor:structure_predictor.py:139 Failed to initialize docling Pipeline: SimplePipeline.__init__() missing 1 required positional argument: &amp;#x27;pipeline_options&amp;#x27;\n\n&#34;}], &#34;tests/test_predictors/test_structure_predictor.py::TestStructurePredictor::test_extract_tables&#34;: [{&#34;extras&#34;: [], &#34;result&#34;: &#34;Passed&#34;, &#34;testId&#34;: &#34;tests/test_predictors/test_structure_predictor.py::TestStructurePredictor::test_extract_tables&#34;, &#34;duration&#34;: &#34;2 ms&#34;, &#34;resultsTableRow&#34;: [&#34;&lt;td class=\&#34;col-result\&#34;&gt;Passed&lt;/td&gt;&#34;, &#34;&lt;td class=\&#34;col-testId\&#34;&gt;tests/test_predictors/test_structure_predictor.py::TestStructurePredictor::test_extract_tables&lt;/td&gt;&#34;, &#34;&lt;td class=\&#34;col-duration\&#34;&gt;2 ms&lt;/td&gt;&#34;, &#34;&lt;td class=\&#34;col-links\&#34;&gt;&lt;/td&gt;&#34;], &#34;log&#34;: &#34;------------------------------ Captured log call -------------------------------\nERROR    papermage_docling.predictors.structure_predictor:structure_predictor.py:127 Failed to initialize docling models: LayoutModel.__init__() got an unexpected keyword argument &amp;#x27;confidence_threshold&amp;#x27;\nERROR    papermage_docling.predictors.structure_predictor:structure_predictor.py:139 Failed to initialize docling Pipeline: SimplePipeline.__init__() missing 1 required positional argument: &amp;#x27;pipeline_options&amp;#x27;\n\n&#34;}], &#34;tests/test_predictors/test_structure_predictor.py::TestStructurePredictor::test_extract_titles&#34;: [{&#34;extras&#34;: [], &#34;result&#34;: &#34;Passed&#34;, &#34;testId&#34;: &#34;tests/test_predictors/test_structure_predictor.py::TestStructurePredictor::test_extract_titles&#34;, &#34;duration&#34;: &#34;2 ms&#34;, &#34;resultsTableRow&#34;: [&#34;&lt;td class=\&#34;col-result\&#34;&gt;Passed&lt;/td&gt;&#34;, &#34;&lt;td class=\&#34;col-testId\&#34;&gt;tests/test_predictors/test_structure_predictor.py::TestStructurePredictor::test_extract_titles&lt;/td&gt;&#34;, &#34;&lt;td class=\&#34;col-duration\&#34;&gt;2 ms&lt;/td&gt;&#34;, &#34;&lt;td class=\&#34;col-links\&#34;&gt;&lt;/td&gt;&#34;], &#34;log&#34;: &#34;------------------------------ Captured log call -------------------------------\nERROR    papermage_docling.predictors.structure_predictor:structure_predictor.py:127 Failed to initialize docling models: LayoutModel.__init__() got an unexpected keyword argument &amp;#x27;confidence_threshold&amp;#x27;\nERROR    papermage_docling.predictors.structure_predictor:structure_predictor.py:139 Failed to initialize docling Pipeline: SimplePipeline.__init__() missing 1 required positional argument: &amp;#x27;pipeline_options&amp;#x27;\n\n&#34;}], &#34;tests/test_predictors/test_structure_predictor.py::TestStructurePredictor::test_initialization&#34;: [{&#34;extras&#34;: [], &#34;result&#34;: &#34;Passed&#34;, &#34;testId&#34;: &#34;tests/test_predictors/test_structure_predictor.py::TestStructurePredictor::test_initialization&#34;, &#34;duration&#34;: &#34;1 ms&#34;, &#34;resultsTableRow&#34;: [&#34;&lt;td class=\&#34;col-result\&#34;&gt;Passed&lt;/td&gt;&#34;, &#34;&lt;td class=\&#34;col-testId\&#34;&gt;tests/test_predictors/test_structure_predictor.py::TestStructurePredictor::test_initialization&lt;/td&gt;&#34;, &#34;&lt;td class=\&#34;col-duration\&#34;&gt;1 ms&lt;/td&gt;&#34;, &#34;&lt;td class=\&#34;col-links\&#34;&gt;&lt;/td&gt;&#34;], &#34;log&#34;: &#34;------------------------------ Captured log call -------------------------------\nERROR    papermage_docling.predictors.structure_predictor:structure_predictor.py:127 Failed to initialize docling models: LayoutModel.__init__() got an unexpected keyword argument &amp;#x27;confidence_threshold&amp;#x27;\nERROR    papermage_docling.predictors.structure_predictor:structure_predictor.py:139 Failed to initialize docling Pipeline: SimplePipeline.__init__() missing 1 required positional argument: &amp;#x27;pipeline_options&amp;#x27;\n\n&#34;}], &#34;tests/test_predictors/test_structure_predictor.py::TestStructurePredictor::test_manual_processing&#34;: [{&#34;extras&#34;: [], &#34;result&#34;: &#34;Passed&#34;, &#34;testId&#34;: &#34;tests/test_predictors/test_structure_predictor.py::TestStructurePredictor::test_manual_processing&#34;, &#34;duration&#34;: &#34;4 ms&#34;, &#34;resultsTableRow&#34;: [&#34;&lt;td class=\&#34;col-result\&#34;&gt;Passed&lt;/td&gt;&#34;, &#34;&lt;td class=\&#34;col-testId\&#34;&gt;tests/test_predictors/test_structure_predictor.py::TestStructurePredictor::test_manual_processing&lt;/td&gt;&#34;, &#34;&lt;td class=\&#34;col-duration\&#34;&gt;4 ms&lt;/td&gt;&#34;, &#34;&lt;td class=\&#34;col-links\&#34;&gt;&lt;/td&gt;&#34;], &#34;log&#34;: &#34;------------------------------ Captured log call -------------------------------\nWARNING  papermage_docling.predictors.structure_predictor:structure_predictor.py:129 Docling models not available. Using basic structure detection with limited capabilities.\nERROR    papermage_docling.predictors.structure_predictor:structure_predictor.py:139 Failed to initialize docling Pipeline: SimplePipeline.__init__() missing 1 required positional argument: &amp;#x27;pipeline_options&amp;#x27;\n\n&#34;}], &#34;tests/test_predictors/test_structure_predictor.py::TestStructurePredictor::test_singleton&#34;: [{&#34;extras&#34;: [], &#34;result&#34;: &#34;Passed&#34;, &#34;testId&#34;: &#34;tests/test_predictors/test_structure_predictor.py::TestStructurePredictor::test_singleton&#34;, &#34;duration&#34;: &#34;1 ms&#34;, &#34;resultsTableRow&#34;: [&#34;&lt;td class=\&#34;col-result\&#34;&gt;Passed&lt;/td&gt;&#34;, &#34;&lt;td class=\&#34;col-testId\&#34;&gt;tests/test_predictors/test_structure_predictor.py::TestStructurePredictor::test_singleton&lt;/td&gt;&#34;, &#34;&lt;td class=\&#34;col-duration\&#34;&gt;1 ms&lt;/td&gt;&#34;, &#34;&lt;td class=\&#34;col-links\&#34;&gt;&lt;/td&gt;&#34;], &#34;log&#34;: &#34;------------------------------ Captured log call -------------------------------\nERROR    papermage_docling.predictors.structure_predictor:structure_predictor.py:127 Failed to initialize docling models: LayoutModel.__init__() got an unexpected keyword argument &amp;#x27;confidence_threshold&amp;#x27;\nERROR    papermage_docling.predictors.structure_predictor:structure_predictor.py:139 Failed to initialize docling Pipeline: SimplePipeline.__init__() missing 1 required positional argument: &amp;#x27;pipeline_options&amp;#x27;\n\n&#34;}], &#34;tests/test_predictors/test_structure_predictor.py::TestStructurePredictorIntegration::test_end_to_end_basic&#34;: [{&#34;extras&#34;: [], &#34;result&#34;: &#34;Failed&#34;, &#34;testId&#34;: &#34;tests/test_predictors/test_structure_predictor.py::TestStructurePredictorIntegration::test_end_to_end_basic&#34;, &#34;duration&#34;: &#34;5 ms&#34;, &#34;resultsTableRow&#34;: [&#34;&lt;td class=\&#34;col-result\&#34;&gt;Failed&lt;/td&gt;&#34;, &#34;&lt;td class=\&#34;col-testId\&#34;&gt;tests/test_predictors/test_structure_predictor.py::TestStructurePredictorIntegration::test_end_to_end_basic&lt;/td&gt;&#34;, &#34;&lt;td class=\&#34;col-duration\&#34;&gt;5 ms&lt;/td&gt;&#34;, &#34;&lt;td class=\&#34;col-links\&#34;&gt;&lt;/td&gt;&#34;], &#34;log&#34;: &#34;self = &amp;lt;test_structure_predictor.TestStructurePredictorIntegration testMethod=test_end_to_end_basic&amp;gt;\nmock_pdf_doc_class = &amp;lt;MagicMock name=&amp;#x27;PdfDocument&amp;#x27; id=&amp;#x27;5363670288&amp;#x27;&amp;gt;\nmock_docling_doc_class = &amp;lt;MagicMock name=&amp;#x27;DoclingDocument&amp;#x27; id=&amp;#x27;5363670928&amp;#x27;&amp;gt;\n\n    @patch(&amp;#x27;papermage_docling.predictors.structure_predictor.DoclingDocument&amp;#x27;)\n    @patch(&amp;#x27;papermage_docling.predictors.structure_predictor.PdfDocument&amp;#x27;)\n    def test_end_to_end_basic(self, mock_pdf_doc_class, mock_docling_doc_class):\n        &amp;quot;&amp;quot;&amp;quot;Test basic end-to-end structure prediction.&amp;quot;&amp;quot;&amp;quot;\n        # This test simulates the document processing flow without requiring\n        # actual docling models or documents\n    \n        # Create a predictor with default settings\n        predictor = StructurePredictor(\n            enable_layout_analysis=True,\n            enable_table_detection=True,\n            enable_heading_detection=True\n        )\n    \n        # Create a mock document with sample content\n        mock_pdf_doc = MagicMock()\n        mock_page = MagicMock()\n    \n        # Create lines simulating a document with title, headings, paragraphs, and a table\n        mock_lines = [\n            MagicMock(text=&amp;quot;Document Title&amp;quot;),  # Title\n            MagicMock(text=&amp;quot;&amp;quot;),  # Empty line\n            MagicMock(text=&amp;quot;Abstract&amp;quot;),  # Section heading\n            MagicMock(text=&amp;quot;This is an abstract. It summarizes the document.&amp;quot;),  # Paragraph\n            MagicMock(text=&amp;quot;&amp;quot;),  # Empty line\n            MagicMock(text=&amp;quot;1. Introduction&amp;quot;),  # Section heading\n            MagicMock(text=&amp;quot;This is the introduction to the document.&amp;quot;),  # Paragraph\n            MagicMock(text=&amp;quot;It continues with more information.&amp;quot;),  # Paragraph cont.\n            MagicMock(text=&amp;quot;&amp;quot;),  # Empty line\n            MagicMock(text=&amp;quot;Table 1: Results&amp;quot;),  # Table title\n            MagicMock(text=&amp;quot;Method    Accuracy    Time&amp;quot;),  # Table header\n            MagicMock(text=&amp;quot;A         95%         10s&amp;quot;),  # Table row\n            MagicMock(text=&amp;quot;B         92%         8s&amp;quot;),  # Table row\n        ]\n    \n        mock_page.lines = mock_lines\n        mock_pdf_doc.pages = [mock_page]\n        mock_pdf_doc.metadata = {}\n    \n        # Apply structure prediction\n        predictor.apply(mock_pdf_doc)\n    \n        # Check that document was processed and metadata was created\n        self.assertTrue(mock_pdf_doc.metadata.get(&amp;#x27;structure_analyzed&amp;#x27;, False))\n    \n        # Check that page metadata was updated with structure information\n        self.assertTrue(mock_page.metadata.get(&amp;#x27;has_title&amp;#x27;, False))\n        self.assertTrue(mock_page.metadata.get(&amp;#x27;has_paragraphs&amp;#x27;, False))\n        self.assertTrue(mock_page.metadata.get(&amp;#x27;has_headings&amp;#x27;, False))\n        self.assertTrue(mock_page.metadata.get(&amp;#x27;has_tables&amp;#x27;, False))\n    \n        # Verify structure elements were detected in expected quantities\n        structure_elements = mock_page.metadata.get(&amp;#x27;structure_elements&amp;#x27;, {})\n&amp;gt;       self.assertGreaterEqual(structure_elements.get(&amp;#x27;titles&amp;#x27;, 0), 1)  # At least 1 title\nE       TypeError: &amp;#x27;&amp;gt;=&amp;#x27; not supported between instances of &amp;#x27;MagicMock&amp;#x27; and &amp;#x27;int&amp;#x27;\n\ntests/test_predictors/test_structure_predictor.py:241: TypeError\n\n------------------------------ Captured log call -------------------------------\nERROR    papermage_docling.predictors.structure_predictor:structure_predictor.py:127 Failed to initialize docling models: LayoutModel.__init__() got an unexpected keyword argument &amp;#x27;confidence_threshold&amp;#x27;\nERROR    papermage_docling.predictors.structure_predictor:structure_predictor.py:139 Failed to initialize docling Pipeline: SimplePipeline.__init__() missing 1 required positional argument: &amp;#x27;pipeline_options&amp;#x27;\n\n&#34;}], &#34;tests/test_predictors.py::TestRtlUtils::test_get_text_direction&#34;: [{&#34;extras&#34;: [], &#34;result&#34;: &#34;Passed&#34;, &#34;testId&#34;: &#34;tests/test_predictors.py::TestRtlUtils::test_get_text_direction&#34;, &#34;duration&#34;: &#34;1 ms&#34;, &#34;resultsTableRow&#34;: [&#34;&lt;td class=\&#34;col-result\&#34;&gt;Passed&lt;/td&gt;&#34;, &#34;&lt;td class=\&#34;col-testId\&#34;&gt;tests/test_predictors.py::TestRtlUtils::test_get_text_direction&lt;/td&gt;&#34;, &#34;&lt;td class=\&#34;col-duration\&#34;&gt;1 ms&lt;/td&gt;&#34;, &#34;&lt;td class=\&#34;col-links\&#34;&gt;&lt;/td&gt;&#34;], &#34;log&#34;: &#34;No log output captured.&#34;}], &#34;tests/test_predictors.py::TestRtlUtils::test_is_rtl&#34;: [{&#34;extras&#34;: [], &#34;result&#34;: &#34;Passed&#34;, &#34;testId&#34;: &#34;tests/test_predictors.py::TestRtlUtils::test_is_rtl&#34;, &#34;duration&#34;: &#34;1 ms&#34;, &#34;resultsTableRow&#34;: [&#34;&lt;td class=\&#34;col-result\&#34;&gt;Passed&lt;/td&gt;&#34;, &#34;&lt;td class=\&#34;col-testId\&#34;&gt;tests/test_predictors.py::TestRtlUtils::test_is_rtl&lt;/td&gt;&#34;, &#34;&lt;td class=\&#34;col-duration\&#34;&gt;1 ms&lt;/td&gt;&#34;, &#34;&lt;td class=\&#34;col-links\&#34;&gt;&lt;/td&gt;&#34;], &#34;log&#34;: &#34;No log output captured.&#34;}], &#34;tests/test_predictors.py::TestRtlUtils::test_is_rtl_char&#34;: [{&#34;extras&#34;: [], &#34;result&#34;: &#34;Passed&#34;, &#34;testId&#34;: &#34;tests/test_predictors.py::TestRtlUtils::test_is_rtl_char&#34;, &#34;duration&#34;: &#34;1 ms&#34;, &#34;resultsTableRow&#34;: [&#34;&lt;td class=\&#34;col-result\&#34;&gt;Passed&lt;/td&gt;&#34;, &#34;&lt;td class=\&#34;col-testId\&#34;&gt;tests/test_predictors.py::TestRtlUtils::test_is_rtl_char&lt;/td&gt;&#34;, &#34;&lt;td class=\&#34;col-duration\&#34;&gt;1 ms&lt;/td&gt;&#34;, &#34;&lt;td class=\&#34;col-links\&#34;&gt;&lt;/td&gt;&#34;], &#34;log&#34;: &#34;No log output captured.&#34;}], &#34;tests/test_predictors.py::TestRtlUtils::test_reorder_text_without_bidi&#34;: [{&#34;extras&#34;: [], &#34;result&#34;: &#34;Passed&#34;, &#34;testId&#34;: &#34;tests/test_predictors.py::TestRtlUtils::test_reorder_text_without_bidi&#34;, &#34;duration&#34;: &#34;0 ms&#34;, &#34;resultsTableRow&#34;: [&#34;&lt;td class=\&#34;col-result\&#34;&gt;Passed&lt;/td&gt;&#34;, &#34;&lt;td class=\&#34;col-testId\&#34;&gt;tests/test_predictors.py::TestRtlUtils::test_reorder_text_without_bidi&lt;/td&gt;&#34;, &#34;&lt;td class=\&#34;col-duration\&#34;&gt;0 ms&lt;/td&gt;&#34;, &#34;&lt;td class=\&#34;col-links\&#34;&gt;&lt;/td&gt;&#34;], &#34;log&#34;: &#34;No log output captured.&#34;}], &#34;tests/test_predictors.py::TestRtlUtils::test_reorder_words&#34;: [{&#34;extras&#34;: [], &#34;result&#34;: &#34;Passed&#34;, &#34;testId&#34;: &#34;tests/test_predictors.py::TestRtlUtils::test_reorder_words&#34;, &#34;duration&#34;: &#34;0 ms&#34;, &#34;resultsTableRow&#34;: [&#34;&lt;td class=\&#34;col-result\&#34;&gt;Passed&lt;/td&gt;&#34;, &#34;&lt;td class=\&#34;col-testId\&#34;&gt;tests/test_predictors.py::TestRtlUtils::test_reorder_words&lt;/td&gt;&#34;, &#34;&lt;td class=\&#34;col-duration\&#34;&gt;0 ms&lt;/td&gt;&#34;, &#34;&lt;td class=\&#34;col-links\&#34;&gt;&lt;/td&gt;&#34;], &#34;log&#34;: &#34;No log output captured.&#34;}], &#34;tests/test_predictors.py::TestLanguagePredictor::test_detect_language&#34;: [{&#34;extras&#34;: [], &#34;result&#34;: &#34;Passed&#34;, &#34;testId&#34;: &#34;tests/test_predictors.py::TestLanguagePredictor::test_detect_language&#34;, &#34;duration&#34;: &#34;1 ms&#34;, &#34;resultsTableRow&#34;: [&#34;&lt;td class=\&#34;col-result\&#34;&gt;Passed&lt;/td&gt;&#34;, &#34;&lt;td class=\&#34;col-testId\&#34;&gt;tests/test_predictors.py::TestLanguagePredictor::test_detect_language&lt;/td&gt;&#34;, &#34;&lt;td class=\&#34;col-duration\&#34;&gt;1 ms&lt;/td&gt;&#34;, &#34;&lt;td class=\&#34;col-links\&#34;&gt;&lt;/td&gt;&#34;], &#34;log&#34;: &#34;No log output captured.&#34;}], &#34;tests/test_predictors.py::TestLanguagePredictor::test_get_language_name&#34;: [{&#34;extras&#34;: [], &#34;result&#34;: &#34;Passed&#34;, &#34;testId&#34;: &#34;tests/test_predictors.py::TestLanguagePredictor::test_get_language_name&#34;, &#34;duration&#34;: &#34;0 ms&#34;, &#34;resultsTableRow&#34;: [&#34;&lt;td class=\&#34;col-result\&#34;&gt;Passed&lt;/td&gt;&#34;, &#34;&lt;td class=\&#34;col-testId\&#34;&gt;tests/test_predictors.py::TestLanguagePredictor::test_get_language_name&lt;/td&gt;&#34;, &#34;&lt;td class=\&#34;col-duration\&#34;&gt;0 ms&lt;/td&gt;&#34;, &#34;&lt;td class=\&#34;col-links\&#34;&gt;&lt;/td&gt;&#34;], &#34;log&#34;: &#34;No log output captured.&#34;}], &#34;tests/test_predictors.py::TestLanguagePredictor::test_is_rtl_language&#34;: [{&#34;extras&#34;: [], &#34;result&#34;: &#34;Passed&#34;, &#34;testId&#34;: &#34;tests/test_predictors.py::TestLanguagePredictor::test_is_rtl_language&#34;, &#34;duration&#34;: &#34;0 ms&#34;, &#34;resultsTableRow&#34;: [&#34;&lt;td class=\&#34;col-result\&#34;&gt;Passed&lt;/td&gt;&#34;, &#34;&lt;td class=\&#34;col-testId\&#34;&gt;tests/test_predictors.py::TestLanguagePredictor::test_is_rtl_language&lt;/td&gt;&#34;, &#34;&lt;td class=\&#34;col-duration\&#34;&gt;0 ms&lt;/td&gt;&#34;, &#34;&lt;td class=\&#34;col-links\&#34;&gt;&lt;/td&gt;&#34;], &#34;log&#34;: &#34;No log output captured.&#34;}], &#34;tests/test_predictors.py::TestLanguagePredictor::test_language_predictor_class&#34;: [{&#34;extras&#34;: [], &#34;result&#34;: &#34;Passed&#34;, &#34;testId&#34;: &#34;tests/test_predictors.py::TestLanguagePredictor::test_language_predictor_class&#34;, &#34;duration&#34;: &#34;1 ms&#34;, &#34;resultsTableRow&#34;: [&#34;&lt;td class=\&#34;col-result\&#34;&gt;Passed&lt;/td&gt;&#34;, &#34;&lt;td class=\&#34;col-testId\&#34;&gt;tests/test_predictors.py::TestLanguagePredictor::test_language_predictor_class&lt;/td&gt;&#34;, &#34;&lt;td class=\&#34;col-duration\&#34;&gt;1 ms&lt;/td&gt;&#34;, &#34;&lt;td class=\&#34;col-links\&#34;&gt;&lt;/td&gt;&#34;], &#34;log&#34;: &#34;No log output captured.&#34;}]}, &#34;renderCollapsed&#34;: [&#34;passed&#34;], &#34;initialSort&#34;: &#34;result&#34;, &#34;title&#34;: &#34;PaperMage-Docling End-to-End Test Report&#34;}"></div>
    <script>
      (function(){function r(e,n,t){function o(i,f){if(!n[i]){if(!e[i]){var c="function"==typeof require&&require;if(!f&&c)return c(i,!0);if(u)return u(i,!0);var a=new Error("Cannot find module '"+i+"'");throw a.code="MODULE_NOT_FOUND",a}var p=n[i]={exports:{}};e[i][0].call(p.exports,function(r){var n=e[i][1][r];return o(n||r)},p,p.exports,r,e,n,t)}return n[i].exports}for(var u="function"==typeof require&&require,i=0;i<t.length;i++)o(t[i]);return o}return r})()({1:[function(require,module,exports){
const { getCollapsedCategory, setCollapsedIds } = require('./storage.js')

class DataManager {
    setManager(data) {
        const collapsedCategories = [...getCollapsedCategory(data.renderCollapsed)]
        const collapsedIds = []
        const tests = Object.values(data.tests).flat().map((test, index) => {
            const collapsed = collapsedCategories.includes(test.result.toLowerCase())
            const id = `test_${index}`
            if (collapsed) {
                collapsedIds.push(id)
            }
            return {
                ...test,
                id,
                collapsed,
            }
        })
        const dataBlob = { ...data, tests }
        this.data = { ...dataBlob }
        this.renderData = { ...dataBlob }
        setCollapsedIds(collapsedIds)
    }

    get allData() {
        return { ...this.data }
    }

    resetRender() {
        this.renderData = { ...this.data }
    }

    setRender(data) {
        this.renderData.tests = [...data]
    }

    toggleCollapsedItem(id) {
        this.renderData.tests = this.renderData.tests.map((test) =>
            test.id === id ? { ...test, collapsed: !test.collapsed } : test,
        )
    }

    set allCollapsed(collapsed) {
        this.renderData = { ...this.renderData, tests: [...this.renderData.tests.map((test) => (
            { ...test, collapsed }
        ))] }
    }

    get testSubset() {
        return [...this.renderData.tests]
    }

    get environment() {
        return this.renderData.environment
    }

    get initialSort() {
        return this.data.initialSort
    }
}

module.exports = {
    manager: new DataManager(),
}

},{"./storage.js":8}],2:[function(require,module,exports){
const mediaViewer = require('./mediaviewer.js')
const templateEnvRow = document.getElementById('template_environment_row')
const templateResult = document.getElementById('template_results-table__tbody')

function htmlToElements(html) {
    const temp = document.createElement('template')
    temp.innerHTML = html
    return temp.content.childNodes
}

const find = (selector, elem) => {
    if (!elem) {
        elem = document
    }
    return elem.querySelector(selector)
}

const findAll = (selector, elem) => {
    if (!elem) {
        elem = document
    }
    return [...elem.querySelectorAll(selector)]
}

const dom = {
    getStaticRow: (key, value) => {
        const envRow = templateEnvRow.content.cloneNode(true)
        const isObj = typeof value === 'object' && value !== null
        const values = isObj ? Object.keys(value).map((k) => `${k}: ${value[k]}`) : null

        const valuesElement = htmlToElements(
            values ? `<ul>${values.map((val) => `<li>${val}</li>`).join('')}<ul>` : `<div>${value}</div>`)[0]
        const td = findAll('td', envRow)
        td[0].textContent = key
        td[1].appendChild(valuesElement)

        return envRow
    },
    getResultTBody: ({ testId, id, log, extras, resultsTableRow, tableHtml, result, collapsed }) => {
        const resultBody = templateResult.content.cloneNode(true)
        resultBody.querySelector('tbody').classList.add(result.toLowerCase())
        resultBody.querySelector('tbody').id = testId
        resultBody.querySelector('.collapsible').dataset.id = id

        resultsTableRow.forEach((html) => {
            const t = document.createElement('template')
            t.innerHTML = html
            resultBody.querySelector('.collapsible').appendChild(t.content)
        })

        if (log) {
            // Wrap lines starting with "E" with span.error to color those lines red
            const wrappedLog = log.replace(/^E.*$/gm, (match) => `<span class="error">${match}</span>`)
            resultBody.querySelector('.log').innerHTML = wrappedLog
        } else {
            resultBody.querySelector('.log').remove()
        }

        if (collapsed) {
            resultBody.querySelector('.collapsible > td')?.classList.add('collapsed')
            resultBody.querySelector('.extras-row').classList.add('hidden')
        } else {
            resultBody.querySelector('.collapsible > td')?.classList.remove('collapsed')
        }

        const media = []
        extras?.forEach(({ name, format_type, content }) => {
            if (['image', 'video'].includes(format_type)) {
                media.push({ path: content, name, format_type })
            }

            if (format_type === 'html') {
                resultBody.querySelector('.extraHTML').insertAdjacentHTML('beforeend', `<div>${content}</div>`)
            }
        })
        mediaViewer.setup(resultBody, media)

        // Add custom html from the pytest_html_results_table_html hook
        tableHtml?.forEach((item) => {
            resultBody.querySelector('td[class="extra"]').insertAdjacentHTML('beforeend', item)
        })

        return resultBody
    },
}

module.exports = {
    dom,
    htmlToElements,
    find,
    findAll,
}

},{"./mediaviewer.js":6}],3:[function(require,module,exports){
const { manager } = require('./datamanager.js')
const { doSort } = require('./sort.js')
const storageModule = require('./storage.js')

const getFilteredSubSet = (filter) =>
    manager.allData.tests.filter(({ result }) => filter.includes(result.toLowerCase()))

const doInitFilter = () => {
    const currentFilter = storageModule.getVisible()
    const filteredSubset = getFilteredSubSet(currentFilter)
    manager.setRender(filteredSubset)
}

const doFilter = (type, show) => {
    if (show) {
        storageModule.showCategory(type)
    } else {
        storageModule.hideCategory(type)
    }

    const currentFilter = storageModule.getVisible()
    const filteredSubset = getFilteredSubSet(currentFilter)
    manager.setRender(filteredSubset)

    const sortColumn = storageModule.getSort()
    doSort(sortColumn, true)
}

module.exports = {
    doFilter,
    doInitFilter,
}

},{"./datamanager.js":1,"./sort.js":7,"./storage.js":8}],4:[function(require,module,exports){
const { redraw, bindEvents, renderStatic } = require('./main.js')
const { doInitFilter } = require('./filter.js')
const { doInitSort } = require('./sort.js')
const { manager } = require('./datamanager.js')
const data = JSON.parse(document.getElementById('data-container').dataset.jsonblob)

function init() {
    manager.setManager(data)
    doInitFilter()
    doInitSort()
    renderStatic()
    redraw()
    bindEvents()
}

init()

},{"./datamanager.js":1,"./filter.js":3,"./main.js":5,"./sort.js":7}],5:[function(require,module,exports){
const { dom, find, findAll } = require('./dom.js')
const { manager } = require('./datamanager.js')
const { doSort } = require('./sort.js')
const { doFilter } = require('./filter.js')
const {
    getVisible,
    getCollapsedIds,
    setCollapsedIds,
    getSort,
    getSortDirection,
    possibleFilters,
} = require('./storage.js')

const removeChildren = (node) => {
    while (node.firstChild) {
        node.removeChild(node.firstChild)
    }
}

const renderStatic = () => {
    const renderEnvironmentTable = () => {
        const environment = manager.environment
        const rows = Object.keys(environment).map((key) => dom.getStaticRow(key, environment[key]))
        const table = document.getElementById('environment')
        removeChildren(table)
        rows.forEach((row) => table.appendChild(row))
    }
    renderEnvironmentTable()
}

const addItemToggleListener = (elem) => {
    elem.addEventListener('click', ({ target }) => {
        const id = target.parentElement.dataset.id
        manager.toggleCollapsedItem(id)

        const collapsedIds = getCollapsedIds()
        if (collapsedIds.includes(id)) {
            const updated = collapsedIds.filter((item) => item !== id)
            setCollapsedIds(updated)
        } else {
            collapsedIds.push(id)
            setCollapsedIds(collapsedIds)
        }
        redraw()
    })
}

const renderContent = (tests) => {
    const sortAttr = getSort(manager.initialSort)
    const sortAsc = JSON.parse(getSortDirection())
    const rows = tests.map(dom.getResultTBody)
    const table = document.getElementById('results-table')
    const tableHeader = document.getElementById('results-table-head')

    const newTable = document.createElement('table')
    newTable.id = 'results-table'

    // remove all sorting classes and set the relevant
    findAll('.sortable', tableHeader).forEach((elem) => elem.classList.remove('asc', 'desc'))
    tableHeader.querySelector(`.sortable[data-column-type="${sortAttr}"]`)?.classList.add(sortAsc ? 'desc' : 'asc')
    newTable.appendChild(tableHeader)

    if (!rows.length) {
        const emptyTable = document.getElementById('template_results-table__body--empty').content.cloneNode(true)
        newTable.appendChild(emptyTable)
    } else {
        rows.forEach((row) => {
            if (!!row) {
                findAll('.collapsible td:not(.col-links', row).forEach(addItemToggleListener)
                find('.logexpander', row).addEventListener('click',
                    (evt) => evt.target.parentNode.classList.toggle('expanded'),
                )
                newTable.appendChild(row)
            }
        })
    }

    table.replaceWith(newTable)
}

const renderDerived = () => {
    const currentFilter = getVisible()
    possibleFilters.forEach((result) => {
        const input = document.querySelector(`input[data-test-result="${result}"]`)
        input.checked = currentFilter.includes(result)
    })
}

const bindEvents = () => {
    const filterColumn = (evt) => {
        const { target: element } = evt
        const { testResult } = element.dataset

        doFilter(testResult, element.checked)
        const collapsedIds = getCollapsedIds()
        const updated = manager.renderData.tests.map((test) => {
            return {
                ...test,
                collapsed: collapsedIds.includes(test.id),
            }
        })
        manager.setRender(updated)
        redraw()
    }

    const header = document.getElementById('environment-header')
    header.addEventListener('click', () => {
        const table = document.getElementById('environment')
        table.classList.toggle('hidden')
        header.classList.toggle('collapsed')
    })

    findAll('input[name="filter_checkbox"]').forEach((elem) => {
        elem.addEventListener('click', filterColumn)
    })

    findAll('.sortable').forEach((elem) => {
        elem.addEventListener('click', (evt) => {
            const { target: element } = evt
            const { columnType } = element.dataset
            doSort(columnType)
            redraw()
        })
    })

    document.getElementById('show_all_details').addEventListener('click', () => {
        manager.allCollapsed = false
        setCollapsedIds([])
        redraw()
    })
    document.getElementById('hide_all_details').addEventListener('click', () => {
        manager.allCollapsed = true
        const allIds = manager.renderData.tests.map((test) => test.id)
        setCollapsedIds(allIds)
        redraw()
    })
}

const redraw = () => {
    const { testSubset } = manager

    renderContent(testSubset)
    renderDerived()
}

module.exports = {
    redraw,
    bindEvents,
    renderStatic,
}

},{"./datamanager.js":1,"./dom.js":2,"./filter.js":3,"./sort.js":7,"./storage.js":8}],6:[function(require,module,exports){
class MediaViewer {
    constructor(assets) {
        this.assets = assets
        this.index = 0
    }

    nextActive() {
        this.index = this.index === this.assets.length - 1 ? 0 : this.index + 1
        return [this.activeFile, this.index]
    }

    prevActive() {
        this.index = this.index === 0 ? this.assets.length - 1 : this.index -1
        return [this.activeFile, this.index]
    }

    get currentIndex() {
        return this.index
    }

    get activeFile() {
        return this.assets[this.index]
    }
}


const setup = (resultBody, assets) => {
    if (!assets.length) {
        resultBody.querySelector('.media').classList.add('hidden')
        return
    }

    const mediaViewer = new MediaViewer(assets)
    const container = resultBody.querySelector('.media-container')
    const leftArrow = resultBody.querySelector('.media-container__nav--left')
    const rightArrow = resultBody.querySelector('.media-container__nav--right')
    const mediaName = resultBody.querySelector('.media__name')
    const counter = resultBody.querySelector('.media__counter')
    const imageEl = resultBody.querySelector('img')
    const sourceEl = resultBody.querySelector('source')
    const videoEl = resultBody.querySelector('video')

    const setImg = (media, index) => {
        if (media?.format_type === 'image') {
            imageEl.src = media.path

            imageEl.classList.remove('hidden')
            videoEl.classList.add('hidden')
        } else if (media?.format_type === 'video') {
            sourceEl.src = media.path

            videoEl.classList.remove('hidden')
            imageEl.classList.add('hidden')
        }

        mediaName.innerText = media?.name
        counter.innerText = `${index + 1} / ${assets.length}`
    }
    setImg(mediaViewer.activeFile, mediaViewer.currentIndex)

    const moveLeft = () => {
        const [media, index] = mediaViewer.prevActive()
        setImg(media, index)
    }
    const doRight = () => {
        const [media, index] = mediaViewer.nextActive()
        setImg(media, index)
    }
    const openImg = () => {
        window.open(mediaViewer.activeFile.path, '_blank')
    }
    if (assets.length === 1) {
        container.classList.add('media-container--fullscreen')
    } else {
        leftArrow.addEventListener('click', moveLeft)
        rightArrow.addEventListener('click', doRight)
    }
    imageEl.addEventListener('click', openImg)
}

module.exports = {
    setup,
}

},{}],7:[function(require,module,exports){
const { manager } = require('./datamanager.js')
const storageModule = require('./storage.js')

const genericSort = (list, key, ascending, customOrder) => {
    let sorted
    if (customOrder) {
        sorted = list.sort((a, b) => {
            const aValue = a.result.toLowerCase()
            const bValue = b.result.toLowerCase()

            const aIndex = customOrder.findIndex((item) => item.toLowerCase() === aValue)
            const bIndex = customOrder.findIndex((item) => item.toLowerCase() === bValue)

            // Compare the indices to determine the sort order
            return aIndex - bIndex
        })
    } else {
        sorted = list.sort((a, b) => a[key] === b[key] ? 0 : a[key] > b[key] ? 1 : -1)
    }

    if (ascending) {
        sorted.reverse()
    }
    return sorted
}

const durationSort = (list, ascending) => {
    const parseDuration = (duration) => {
        if (duration.includes(':')) {
            // If it's in the format "HH:mm:ss"
            const [hours, minutes, seconds] = duration.split(':').map(Number)
            return (hours * 3600 + minutes * 60 + seconds) * 1000
        } else {
            // If it's in the format "nnn ms"
            return parseInt(duration)
        }
    }
    const sorted = list.sort((a, b) => parseDuration(a['duration']) - parseDuration(b['duration']))
    if (ascending) {
        sorted.reverse()
    }
    return sorted
}

const doInitSort = () => {
    const type = storageModule.getSort(manager.initialSort)
    const ascending = storageModule.getSortDirection()
    const list = manager.testSubset
    const initialOrder = ['Error', 'Failed', 'Rerun', 'XFailed', 'XPassed', 'Skipped', 'Passed']

    storageModule.setSort(type)
    storageModule.setSortDirection(ascending)

    if (type?.toLowerCase() === 'original') {
        manager.setRender(list)
    } else {
        let sortedList
        switch (type) {
        case 'duration':
            sortedList = durationSort(list, ascending)
            break
        case 'result':
            sortedList = genericSort(list, type, ascending, initialOrder)
            break
        default:
            sortedList = genericSort(list, type, ascending)
            break
        }
        manager.setRender(sortedList)
    }
}

const doSort = (type, skipDirection) => {
    const newSortType = storageModule.getSort(manager.initialSort) !== type
    const currentAsc = storageModule.getSortDirection()
    let ascending
    if (skipDirection) {
        ascending = currentAsc
    } else {
        ascending = newSortType ? false : !currentAsc
    }
    storageModule.setSort(type)
    storageModule.setSortDirection(ascending)

    const list = manager.testSubset
    const sortedList = type === 'duration' ? durationSort(list, ascending) : genericSort(list, type, ascending)
    manager.setRender(sortedList)
}

module.exports = {
    doInitSort,
    doSort,
}

},{"./datamanager.js":1,"./storage.js":8}],8:[function(require,module,exports){
const possibleFilters = [
    'passed',
    'skipped',
    'failed',
    'error',
    'xfailed',
    'xpassed',
    'rerun',
]

const getVisible = () => {
    const url = new URL(window.location.href)
    const settings = new URLSearchParams(url.search).get('visible')
    const lower = (item) => {
        const lowerItem = item.toLowerCase()
        if (possibleFilters.includes(lowerItem)) {
            return lowerItem
        }
        return null
    }
    return settings === null ?
        possibleFilters :
        [...new Set(settings?.split(',').map(lower).filter((item) => item))]
}

const hideCategory = (categoryToHide) => {
    const url = new URL(window.location.href)
    const visibleParams = new URLSearchParams(url.search).get('visible')
    const currentVisible = visibleParams ? visibleParams.split(',') : [...possibleFilters]
    const settings = [...new Set(currentVisible)].filter((f) => f !== categoryToHide).join(',')

    url.searchParams.set('visible', settings)
    window.history.pushState({}, null, unescape(url.href))
}

const showCategory = (categoryToShow) => {
    if (typeof window === 'undefined') {
        return
    }
    const url = new URL(window.location.href)
    const currentVisible = new URLSearchParams(url.search).get('visible')?.split(',').filter(Boolean) ||
        [...possibleFilters]
    const settings = [...new Set([categoryToShow, ...currentVisible])]
    const noFilter = possibleFilters.length === settings.length || !settings.length

    noFilter ? url.searchParams.delete('visible') : url.searchParams.set('visible', settings.join(','))
    window.history.pushState({}, null, unescape(url.href))
}

const getSort = (initialSort) => {
    const url = new URL(window.location.href)
    let sort = new URLSearchParams(url.search).get('sort')
    if (!sort) {
        sort = initialSort || 'result'
    }
    return sort
}

const setSort = (type) => {
    const url = new URL(window.location.href)
    url.searchParams.set('sort', type)
    window.history.pushState({}, null, unescape(url.href))
}

const getCollapsedCategory = (renderCollapsed) => {
    let categories
    if (typeof window !== 'undefined') {
        const url = new URL(window.location.href)
        const collapsedItems = new URLSearchParams(url.search).get('collapsed')
        switch (true) {
        case !renderCollapsed && collapsedItems === null:
            categories = ['passed']
            break
        case collapsedItems?.length === 0 || /^["']{2}$/.test(collapsedItems):
            categories = []
            break
        case /^all$/.test(collapsedItems) || collapsedItems === null && /^all$/.test(renderCollapsed):
            categories = [...possibleFilters]
            break
        default:
            categories = collapsedItems?.split(',').map((item) => item.toLowerCase()) || renderCollapsed
            break
        }
    } else {
        categories = []
    }
    return categories
}

const getSortDirection = () => JSON.parse(sessionStorage.getItem('sortAsc')) || false
const setSortDirection = (ascending) => sessionStorage.setItem('sortAsc', ascending)

const getCollapsedIds = () => JSON.parse(sessionStorage.getItem('collapsedIds')) || []
const setCollapsedIds = (list) => sessionStorage.setItem('collapsedIds', JSON.stringify(list))

module.exports = {
    getVisible,
    hideCategory,
    showCategory,
    getCollapsedIds,
    setCollapsedIds,
    getSort,
    setSort,
    getSortDirection,
    setSortDirection,
    getCollapsedCategory,
    possibleFilters,
}

},{}]},{},[4]);
    </script>
  </footer>
</html>